<?xml version="1.0" encoding="UTF-8"?>
<testsuite name="fit.iuh.edu.com.CourseServiceApplicationTests" tests="1" skipped="0" failures="0" errors="0" timestamp="2025-04-11T13:47:10" hostname="DESKTOP-11SJ823" time="1.618">
  <properties/>
  <testcase name="contextLoads()" classname="fit.iuh.edu.com.CourseServiceApplicationTests" time="1.618"/>
  <system-out><![CDATA[20:46:58.266 [Test worker] INFO org.springframework.test.context.support.AnnotationConfigContextLoaderUtils -- Could not detect default configuration classes for test class [fit.iuh.edu.com.CourseServiceApplicationTests]: CourseServiceApplicationTests does not declare any static, non-private, non-final, nested classes annotated with @Configuration.
20:46:58.450 [Test worker] INFO org.springframework.boot.test.context.SpringBootTestContextBootstrapper -- Found @SpringBootConfiguration fit.iuh.edu.com.CourseServiceApplication for test class fit.iuh.edu.com.CourseServiceApplicationTests

  .   ____          _            __ _ _
 /\\ / ___'_ __ _ _(_)_ __  __ _ \ \ \ \
( ( )\___ | '_ | '_| | '_ \/ _` | \ \ \ \
 \\/  ___)| |_)| | | | | || (_| |  ) ) ) )
  '  |____| .__|_| |_|_| |_\__, | / / / /
 =========|_|==============|___/=/_/_/_/

 :: Spring Boot ::                (v3.4.2)

2025-04-11T20:46:59.264+07:00  INFO 21600 --- [course_service] [    Test worker] f.i.e.com.CourseServiceApplicationTests  : Starting CourseServiceApplicationTests using Java 17.0.12 with PID 21600 (started by AD in D:\Project\WWW\microservices\Learning-Management-System\course_service)
2025-04-11T20:46:59.266+07:00  INFO 21600 --- [course_service] [    Test worker] f.i.e.com.CourseServiceApplicationTests  : The following 1 profile is active: "dev"
2025-04-11T20:46:59.267+07:00 DEBUG 21600 --- [course_service] [    Test worker] o.s.boot.SpringApplication               : Loading source class fit.iuh.edu.com.CourseServiceApplication
2025-04-11T20:46:59.319+07:00 DEBUG 21600 --- [course_service] [    Test worker] o.s.w.c.s.GenericWebApplicationContext   : Refreshing org.springframework.web.context.support.GenericWebApplicationContext@c6634d
2025-04-11T20:46:59.353+07:00 DEBUG 21600 --- [course_service] [    Test worker] o.s.b.f.s.DefaultListableBeanFactory     : Creating shared instance of singleton bean 'org.springframework.context.annotation.internalConfigurationAnnotationProcessor'
2025-04-11T20:46:59.382+07:00 DEBUG 21600 --- [course_service] [    Test worker] o.s.b.f.s.DefaultListableBeanFactory     : Creating shared instance of singleton bean 'org.springframework.boot.autoconfigure.internalCachingMetadataReaderFactory'
2025-04-11T20:46:59.470+07:00 DEBUG 21600 --- [course_service] [    Test worker] o.s.c.a.ClassPathBeanDefinitionScanner   : Identified candidate component class: file [D:\Project\WWW\microservices\Learning-Management-System\course_service\build\classes\java\main\fit\iuh\edu\com\configs\AppConfig.class]
2025-04-11T20:46:59.472+07:00 DEBUG 21600 --- [course_service] [    Test worker] o.s.c.a.ClassPathBeanDefinitionScanner   : Identified candidate component class: file [D:\Project\WWW\microservices\Learning-Management-System\course_service\build\classes\java\main\fit\iuh\edu\com\configs\AwsConfig.class]
2025-04-11T20:46:59.474+07:00 DEBUG 21600 --- [course_service] [    Test worker] o.s.c.a.ClassPathBeanDefinitionScanner   : Identified candidate component class: file [D:\Project\WWW\microservices\Learning-Management-System\course_service\build\classes\java\main\fit\iuh\edu\com\configs\CookieBearerTokenResolver.class]
2025-04-11T20:46:59.475+07:00 DEBUG 21600 --- [course_service] [    Test worker] o.s.c.a.ClassPathBeanDefinitionScanner   : Identified candidate component class: file [D:\Project\WWW\microservices\Learning-Management-System\course_service\build\classes\java\main\fit\iuh\edu\com\configs\DynamodbConfig.class]
2025-04-11T20:46:59.496+07:00 DEBUG 21600 --- [course_service] [    Test worker] o.s.c.a.ClassPathBeanDefinitionScanner   : Identified candidate component class: file [D:\Project\WWW\microservices\Learning-Management-System\course_service\build\classes\java\main\fit\iuh\edu\com\configs\SecurityConfig.class]
2025-04-11T20:46:59.518+07:00 DEBUG 21600 --- [course_service] [    Test worker] o.s.c.a.ClassPathBeanDefinitionScanner   : Identified candidate component class: file [D:\Project\WWW\microservices\Learning-Management-System\course_service\build\classes\java\main\fit\iuh\edu\com\controllers\CourseController.class]
2025-04-11T20:46:59.536+07:00 DEBUG 21600 --- [course_service] [    Test worker] o.s.c.a.ClassPathBeanDefinitionScanner   : Identified candidate component class: file [D:\Project\WWW\microservices\Learning-Management-System\course_service\build\classes\java\main\fit\iuh\edu\com\repositories\CategoryRepository.class]
2025-04-11T20:46:59.538+07:00 DEBUG 21600 --- [course_service] [    Test worker] o.s.c.a.ClassPathBeanDefinitionScanner   : Identified candidate component class: file [D:\Project\WWW\microservices\Learning-Management-System\course_service\build\classes\java\main\fit\iuh\edu\com\repositories\CourseRepository.class]
2025-04-11T20:46:59.539+07:00 DEBUG 21600 --- [course_service] [    Test worker] o.s.c.a.ClassPathBeanDefinitionScanner   : Identified candidate component class: file [D:\Project\WWW\microservices\Learning-Management-System\course_service\build\classes\java\main\fit\iuh\edu\com\repositories\UserRepository.class]
2025-04-11T20:46:59.542+07:00 DEBUG 21600 --- [course_service] [    Test worker] o.s.c.a.ClassPathBeanDefinitionScanner   : Ignored because not a concrete top-level class: file [D:\Project\WWW\microservices\Learning-Management-System\course_service\build\classes\java\main\fit\iuh\edu\com\services\BL\CategoryServiceBL.class]
2025-04-11T20:46:59.543+07:00 DEBUG 21600 --- [course_service] [    Test worker] o.s.c.a.ClassPathBeanDefinitionScanner   : Ignored because not a concrete top-level class: file [D:\Project\WWW\microservices\Learning-Management-System\course_service\build\classes\java\main\fit\iuh\edu\com\services\BL\CourseServiceBL.class]
2025-04-11T20:46:59.544+07:00 DEBUG 21600 --- [course_service] [    Test worker] o.s.c.a.ClassPathBeanDefinitionScanner   : Ignored because not a concrete top-level class: file [D:\Project\WWW\microservices\Learning-Management-System\course_service\build\classes\java\main\fit\iuh\edu\com\services\BL\UserServiceBL.class]
2025-04-11T20:46:59.546+07:00 DEBUG 21600 --- [course_service] [    Test worker] o.s.c.a.ClassPathBeanDefinitionScanner   : Identified candidate component class: file [D:\Project\WWW\microservices\Learning-Management-System\course_service\build\classes\java\main\fit\iuh\edu\com\services\Impl\BucketServiceImpl.class]
2025-04-11T20:46:59.547+07:00 DEBUG 21600 --- [course_service] [    Test worker] o.s.c.a.ClassPathBeanDefinitionScanner   : Identified candidate component class: file [D:\Project\WWW\microservices\Learning-Management-System\course_service\build\classes\java\main\fit\iuh\edu\com\services\Impl\CategoryServiceImpl.class]
2025-04-11T20:46:59.548+07:00 DEBUG 21600 --- [course_service] [    Test worker] o.s.c.a.ClassPathBeanDefinitionScanner   : Identified candidate component class: file [D:\Project\WWW\microservices\Learning-Management-System\course_service\build\classes\java\main\fit\iuh\edu\com\services\Impl\CourseServiceImpl.class]
2025-04-11T20:46:59.549+07:00 DEBUG 21600 --- [course_service] [    Test worker] o.s.c.a.ClassPathBeanDefinitionScanner   : Identified candidate component class: file [D:\Project\WWW\microservices\Learning-Management-System\course_service\build\classes\java\main\fit\iuh\edu\com\services\Impl\UserServiceImpl.class]
2025-04-11T20:47:02.202+07:00 DEBUG 21600 --- [course_service] [    Test worker] o.s.b.f.s.DefaultListableBeanFactory     : Creating shared instance of singleton bean 'springSecurityHandlerMappingIntrospectorBeanDefinitionRegistryPostProcessor'
2025-04-11T20:47:02.216+07:00 DEBUG 21600 --- [course_service] [    Test worker] o.s.b.f.s.DefaultListableBeanFactory     : Creating shared instance of singleton bean 'authorizedClientManagerRegistrar'
2025-04-11T20:47:02.219+07:00 DEBUG 21600 --- [course_service] [    Test worker] o.s.b.f.s.DefaultListableBeanFactory     : Creating shared instance of singleton bean 'org.springframework.security.config.annotation.web.configuration.OAuth2ClientConfiguration$OAuth2AuthorizedClientManagerConfiguration'
2025-04-11T20:47:02.501+07:00 DEBUG 21600 --- [course_service] [    Test worker] o.s.b.f.s.DefaultListableBeanFactory     : Creating shared instance of singleton bean 'propertySourcesPlaceholderConfigurer'
2025-04-11T20:47:02.519+07:00 DEBUG 21600 --- [course_service] [    Test worker] o.s.b.f.s.DefaultListableBeanFactory     : Creating shared instance of singleton bean 'org.springframework.boot.test.mock.mockito.MockitoPostProcessor'
2025-04-11T20:47:02.530+07:00 DEBUG 21600 --- [course_service] [    Test worker] o.s.b.f.s.DefaultListableBeanFactory     : Creating shared instance of singleton bean 'org.springframework.boot.sql.init.dependency.DatabaseInitializationDependencyConfigurer$DependsOnDatabaseInitializationPostProcessor'
2025-04-11T20:47:02.645+07:00 DEBUG 21600 --- [course_service] [    Test worker] o.s.b.f.s.DefaultListableBeanFactory     : Creating shared instance of singleton bean 'org.springframework.context.event.internalEventListenerProcessor'
2025-04-11T20:47:02.648+07:00 DEBUG 21600 --- [course_service] [    Test worker] o.s.b.f.s.DefaultListableBeanFactory     : Creating shared instance of singleton bean 'conversionServicePostProcessor'
2025-04-11T20:47:02.660+07:00 DEBUG 21600 --- [course_service] [    Test worker] o.s.b.f.s.DefaultListableBeanFactory     : Creating shared instance of singleton bean 'preserveErrorControllerTargetClassPostProcessor'
2025-04-11T20:47:02.661+07:00 DEBUG 21600 --- [course_service] [    Test worker] o.s.b.f.s.DefaultListableBeanFactory     : Creating shared instance of singleton bean 'forceAutoProxyCreatorToUseClassProxying'
2025-04-11T20:47:02.663+07:00 DEBUG 21600 --- [course_service] [    Test worker] o.s.b.f.s.DefaultListableBeanFactory     : Creating shared instance of singleton bean 'org.springframework.context.event.internalEventListenerFactory'
2025-04-11T20:47:02.672+07:00 DEBUG 21600 --- [course_service] [    Test worker] o.s.b.f.s.DefaultListableBeanFactory     : Creating shared instance of singleton bean 'org.springframework.boot.test.mock.mockito.MockitoPostProcessor$SpyPostProcessor'
2025-04-11T20:47:02.674+07:00 DEBUG 21600 --- [course_service] [    Test worker] o.s.b.f.s.DefaultListableBeanFactory     : Creating shared instance of singleton bean 'org.springframework.context.annotation.internalAutowiredAnnotationProcessor'
2025-04-11T20:47:02.679+07:00 DEBUG 21600 --- [course_service] [    Test worker] o.s.b.f.s.DefaultListableBeanFactory     : Creating shared instance of singleton bean 'org.springframework.context.annotation.internalCommonAnnotationProcessor'
2025-04-11T20:47:02.688+07:00 DEBUG 21600 --- [course_service] [    Test worker] o.s.b.f.s.DefaultListableBeanFactory     : Creating shared instance of singleton bean 'org.springframework.boot.context.properties.ConfigurationPropertiesBindingPostProcessor'
2025-04-11T20:47:02.689+07:00 DEBUG 21600 --- [course_service] [    Test worker] o.s.b.f.s.DefaultListableBeanFactory     : Creating shared instance of singleton bean 'org.springframework.boot.context.internalConfigurationPropertiesBinder'
2025-04-11T20:47:02.697+07:00 DEBUG 21600 --- [course_service] [    Test worker] o.s.b.f.s.DefaultListableBeanFactory     : Creating shared instance of singleton bean 'org.springframework.aop.config.internalAutoProxyCreator'
2025-04-11T20:47:02.718+07:00 DEBUG 21600 --- [course_service] [    Test worker] o.s.b.f.s.DefaultListableBeanFactory     : Creating shared instance of singleton bean 'methodValidationPostProcessor'
2025-04-11T20:47:02.727+07:00 DEBUG 21600 --- [course_service] [    Test worker] o.s.b.f.s.DefaultListableBeanFactory     : Autowiring by type from bean name 'methodValidationPostProcessor' via factory method to bean named 'environment'
2025-04-11T20:47:02.730+07:00 DEBUG 21600 --- [course_service] [    Test worker] o.s.b.f.s.DefaultListableBeanFactory     : Creating shared instance of singleton bean 'org.springframework.boot.context.properties.EnableConfigurationPropertiesRegistrar.methodValidationExcludeFilter'
2025-04-11T20:47:02.757+07:00 DEBUG 21600 --- [course_service] [    Test worker] o.s.b.f.s.DefaultListableBeanFactory     : Creating shared instance of singleton bean 'persistenceExceptionTranslationPostProcessor'
2025-04-11T20:47:02.758+07:00 DEBUG 21600 --- [course_service] [    Test worker] o.s.b.f.s.DefaultListableBeanFactory     : Autowiring by type from bean name 'persistenceExceptionTranslationPostProcessor' via factory method to bean named 'environment'
2025-04-11T20:47:02.764+07:00 DEBUG 21600 --- [course_service] [    Test worker] o.s.b.f.s.DefaultListableBeanFactory     : Creating shared instance of singleton bean 'webServerFactoryCustomizerBeanPostProcessor'
2025-04-11T20:47:02.766+07:00 DEBUG 21600 --- [course_service] [    Test worker] o.s.b.f.s.DefaultListableBeanFactory     : Creating shared instance of singleton bean 'errorPageRegistrarBeanPostProcessor'
2025-04-11T20:47:02.767+07:00 DEBUG 21600 --- [course_service] [    Test worker] o.s.b.f.s.DefaultListableBeanFactory     : Creating shared instance of singleton bean 'healthEndpointGroupsBeanPostProcessor'
2025-04-11T20:47:02.774+07:00 DEBUG 21600 --- [course_service] [    Test worker] o.s.b.f.s.DefaultListableBeanFactory     : Creating shared instance of singleton bean 'preFilterAuthorizationAdvisor'
2025-04-11T20:47:02.775+07:00 DEBUG 21600 --- [course_service] [    Test worker] o.s.b.f.s.DefaultListableBeanFactory     : Creating shared instance of singleton bean 'preFilterAuthorizationMethodInterceptor'
2025-04-11T20:47:02.808+07:00 DEBUG 21600 --- [course_service] [    Test worker] o.s.b.f.s.DefaultListableBeanFactory     : Creating shared instance of singleton bean 'preAuthorizeAuthorizationAdvisor'
2025-04-11T20:47:02.809+07:00 DEBUG 21600 --- [course_service] [    Test worker] o.s.b.f.s.DefaultListableBeanFactory     : Creating shared instance of singleton bean 'preAuthorizeAuthorizationMethodInterceptor'
2025-04-11T20:47:02.811+07:00 DEBUG 21600 --- [course_service] [    Test worker] o.s.b.f.s.DefaultListableBeanFactory     : Creating shared instance of singleton bean 'postFilterAuthorizationAdvisor'
2025-04-11T20:47:02.812+07:00 DEBUG 21600 --- [course_service] [    Test worker] o.s.b.f.s.DefaultListableBeanFactory     : Creating shared instance of singleton bean 'postFilterAuthorizationMethodInterceptor'
2025-04-11T20:47:02.813+07:00 DEBUG 21600 --- [course_service] [    Test worker] o.s.b.f.s.DefaultListableBeanFactory     : Creating shared instance of singleton bean 'postAuthorizeAuthorizationAdvisor'
2025-04-11T20:47:02.814+07:00 DEBUG 21600 --- [course_service] [    Test worker] o.s.b.f.s.DefaultListableBeanFactory     : Creating shared instance of singleton bean 'postAuthorizeAuthorizationMethodInterceptor'
2025-04-11T20:47:02.816+07:00 DEBUG 21600 --- [course_service] [    Test worker] o.s.b.f.s.DefaultListableBeanFactory     : Creating shared instance of singleton bean 'authorizeReturnObjectAdvisor'
2025-04-11T20:47:02.817+07:00 DEBUG 21600 --- [course_service] [    Test worker] o.s.b.f.s.DefaultListableBeanFactory     : Creating shared instance of singleton bean 'authorizeReturnObjectMethodInterceptor'
2025-04-11T20:47:02.818+07:00 DEBUG 21600 --- [course_service] [    Test worker] o.s.b.f.s.DefaultListableBeanFactory     : Creating shared instance of singleton bean 'authorizationProxyFactory'
2025-04-11T20:47:02.827+07:00 DEBUG 21600 --- [course_service] [    Test worker] o.s.b.f.s.DefaultListableBeanFactory     : Autowiring by type from bean name 'authorizeReturnObjectMethodInterceptor' via factory method to bean named 'authorizationProxyFactory'
2025-04-11T20:47:02.846+07:00 DEBUG 21600 --- [course_service] [    Test worker] o.s.b.f.s.DefaultListableBeanFactory     : Creating shared instance of singleton bean 'meterRegistryPostProcessor'
2025-04-11T20:47:02.850+07:00 DEBUG 21600 --- [course_service] [    Test worker] o.s.b.f.s.DefaultListableBeanFactory     : Autowiring by type from bean name 'meterRegistryPostProcessor' via factory method to bean named 'org.springframework.web.context.support.GenericWebApplicationContext@c6634d'
2025-04-11T20:47:02.864+07:00 DEBUG 21600 --- [course_service] [    Test worker] o.s.b.f.s.DefaultListableBeanFactory     : Creating shared instance of singleton bean 'metricsRepositoryMethodInvocationListenerBeanPostProcessor'
2025-04-11T20:47:02.870+07:00 DEBUG 21600 --- [course_service] [    Test worker] o.s.b.f.s.DefaultListableBeanFactory     : Creating shared instance of singleton bean 'observationRegistryPostProcessor'
2025-04-11T20:47:02.874+07:00 DEBUG 21600 --- [course_service] [    Test worker] o.s.b.f.s.DefaultListableBeanFactory     : Creating shared instance of singleton bean 'hypermediaRepresentionModelProcessorConfigurator'
2025-04-11T20:47:02.880+07:00 DEBUG 21600 --- [course_service] [    Test worker] o.s.b.f.s.DefaultListableBeanFactory     : Creating shared instance of singleton bean 'hypermediaRestTemplateBeanPostProcessor'
2025-04-11T20:47:02.882+07:00 DEBUG 21600 --- [course_service] [    Test worker] o.s.b.f.s.DefaultListableBeanFactory     : Creating shared instance of singleton bean 'webClientBeanPostProcessor'
2025-04-11T20:47:02.885+07:00 DEBUG 21600 --- [course_service] [    Test worker] o.s.b.f.s.DefaultListableBeanFactory     : Creating shared instance of singleton bean 'projectionDefinitionRegistrar'
2025-04-11T20:47:02.890+07:00 DEBUG 21600 --- [course_service] [    Test worker] o.s.b.f.s.DefaultListableBeanFactory     : Creating shared instance of singleton bean 'annotatedEventHandlerInvoker'
2025-04-11T20:47:02.899+07:00 DEBUG 21600 --- [course_service] [    Test worker] o.s.u.c.s.UiApplicationContextUtils      : Unable to locate ThemeSource with name 'themeSource': using default [org.springframework.ui.context.support.ResourceBundleThemeSource@793cef95]
2025-04-11T20:47:02.904+07:00 DEBUG 21600 --- [course_service] [    Test worker] o.s.b.f.s.DefaultListableBeanFactory     : Creating shared instance of singleton bean 'org.springframework.test.context.support.internalDynamicPropertyRegistrarBeanInitializer'
2025-04-11T20:47:02.922+07:00 DEBUG 21600 --- [course_service] [    Test worker] o.s.b.f.s.DefaultListableBeanFactory     : Creating shared instance of singleton bean 'courseServiceApplication'
2025-04-11T20:47:02.930+07:00 DEBUG 21600 --- [course_service] [    Test worker] o.s.b.f.s.DefaultListableBeanFactory     : Creating shared instance of singleton bean 'appConfig'
2025-04-11T20:47:02.933+07:00 DEBUG 21600 --- [course_service] [    Test worker] o.s.b.f.s.DefaultListableBeanFactory     : Creating shared instance of singleton bean 'awsConfig'
2025-04-11T20:47:02.934+07:00 DEBUG 21600 --- [course_service] [    Test worker] o.s.b.f.s.DefaultListableBeanFactory     : Creating shared instance of singleton bean 'cookieBearerTokenResolver'
2025-04-11T20:47:02.940+07:00 DEBUG 21600 --- [course_service] [    Test worker] o.s.b.f.s.DefaultListableBeanFactory     : Creating shared instance of singleton bean 'dynamodbConfig'
2025-04-11T20:47:02.948+07:00 DEBUG 21600 --- [course_service] [    Test worker] o.s.c.e.PropertySourcesPropertyResolver  : Found key 'aws.region' in PropertySource 'environmentProperties' with value of type String
2025-04-11T20:47:02.951+07:00 DEBUG 21600 --- [course_service] [    Test worker] ySourcesPropertyResolver$DefaultResolver : Found key 'aws.accessKeyId' in PropertySource 'Config resource 'class path resource [application.properties]' via location 'optional:classpath:/'' with value of type String
2025-04-11T20:47:02.951+07:00 DEBUG 21600 --- [course_service] [    Test worker] ySourcesPropertyResolver$DefaultResolver : Found key 'AWS_ACCESS_KEY_ID' in PropertySource 'systemEnvironment' with value of type String
2025-04-11T20:47:02.951+07:00 DEBUG 21600 --- [course_service] [    Test worker] o.s.c.e.PropertySourcesPropertyResolver  : Found key 'aws.accessKeyId' in PropertySource 'environmentProperties' with value of type String
2025-04-11T20:47:02.954+07:00 DEBUG 21600 --- [course_service] [    Test worker] ySourcesPropertyResolver$DefaultResolver : Found key 'aws.secretAccessKey' in PropertySource 'Config resource 'class path resource [application.properties]' via location 'optional:classpath:/'' with value of type String
2025-04-11T20:47:02.955+07:00 DEBUG 21600 --- [course_service] [    Test worker] ySourcesPropertyResolver$DefaultResolver : Found key 'AWS_SECRET_ACCESS_KEY' in PropertySource 'systemEnvironment' with value of type String
2025-04-11T20:47:02.955+07:00 DEBUG 21600 --- [course_service] [    Test worker] o.s.c.e.PropertySourcesPropertyResolver  : Found key 'aws.secretAccessKey' in PropertySource 'environmentProperties' with value of type String
2025-04-11T20:47:02.957+07:00 DEBUG 21600 --- [course_service] [    Test worker] o.s.b.f.s.DefaultListableBeanFactory     : Creating shared instance of singleton bean 'securityConfig'
2025-04-11T20:47:02.963+07:00 DEBUG 21600 --- [course_service] [    Test worker] o.s.b.f.s.DefaultListableBeanFactory     : Creating shared instance of singleton bean 'rsa-fit.iuh.edu.com.configs.RSAKeyRecord'
2025-04-11T20:47:02.966+07:00 DEBUG 21600 --- [course_service] [    Test worker] o.s.b.f.s.DefaultListableBeanFactory     : Creating shared instance of singleton bean 'org.springframework.boot.context.properties.BoundConfigurationProperties'
2025-04-11T20:47:03.002+07:00 DEBUG 21600 --- [course_service] [    Test worker] o.s.c.e.PropertySourcesPropertyResolver  : Found key 'spring.web.allowed.origin' in PropertySource 'environmentProperties' with value of type String
2025-04-11T20:47:03.005+07:00 DEBUG 21600 --- [course_service] [    Test worker] o.s.b.f.s.DefaultListableBeanFactory     : Creating shared instance of singleton bean 'courseController'
2025-04-11T20:47:03.019+07:00 DEBUG 21600 --- [course_service] [    Test worker] o.s.c.e.PropertySourcesPropertyResolver  : Found key 'aws.s3.bucket.name' in PropertySource 'environmentProperties' with value of type String
2025-04-11T20:47:03.021+07:00 DEBUG 21600 --- [course_service] [    Test worker] o.s.b.f.s.DefaultListableBeanFactory     : Creating shared instance of singleton bean 'bucketServiceImpl'
2025-04-11T20:47:03.035+07:00 DEBUG 21600 --- [course_service] [    Test worker] o.s.c.e.PropertySourcesPropertyResolver  : Found key 'aws.region' in PropertySource 'environmentProperties' with value of type String
2025-04-11T20:47:03.036+07:00 DEBUG 21600 --- [course_service] [    Test worker] ySourcesPropertyResolver$DefaultResolver : Found key 'aws.accessKeyId' in PropertySource 'Config resource 'class path resource [application.properties]' via location 'optional:classpath:/'' with value of type String
2025-04-11T20:47:03.037+07:00 DEBUG 21600 --- [course_service] [    Test worker] ySourcesPropertyResolver$DefaultResolver : Found key 'AWS_ACCESS_KEY_ID' in PropertySource 'systemEnvironment' with value of type String
2025-04-11T20:47:03.037+07:00 DEBUG 21600 --- [course_service] [    Test worker] o.s.c.e.PropertySourcesPropertyResolver  : Found key 'aws.accessKeyId' in PropertySource 'environmentProperties' with value of type String
2025-04-11T20:47:03.037+07:00 DEBUG 21600 --- [course_service] [    Test worker] ySourcesPropertyResolver$DefaultResolver : Found key 'aws.secretAccessKey' in PropertySource 'Config resource 'class path resource [application.properties]' via location 'optional:classpath:/'' with value of type String
2025-04-11T20:47:03.038+07:00 DEBUG 21600 --- [course_service] [    Test worker] ySourcesPropertyResolver$DefaultResolver : Found key 'AWS_SECRET_ACCESS_KEY' in PropertySource 'systemEnvironment' with value of type String
2025-04-11T20:47:03.038+07:00 DEBUG 21600 --- [course_service] [    Test worker] o.s.c.e.PropertySourcesPropertyResolver  : Found key 'aws.secretAccessKey' in PropertySource 'environmentProperties' with value of type String
2025-04-11T20:47:03.038+07:00 DEBUG 21600 --- [course_service] [    Test worker] o.s.c.e.PropertySourcesPropertyResolver  : Found key 'aws.s3.folder' in PropertySource 'environmentProperties' with value of type String
2025-04-11T20:47:03.043+07:00 DEBUG 21600 --- [course_service] [    Test worker] o.s.b.f.s.DefaultListableBeanFactory     : Creating shared instance of singleton bean 'userServiceImpl'
2025-04-11T20:47:03.047+07:00 DEBUG 21600 --- [course_service] [    Test worker] o.s.b.f.s.DefaultListableBeanFactory     : Creating shared instance of singleton bean 'userRepository'
2025-04-11T20:47:04.417+07:00 DEBUG 21600 --- [course_service] [    Test worker] s.amazon.awssdk.enhanced.dynamodb.beans  : fit.iuh.edu.com.models.User - Creating bean schema
2025-04-11T20:47:04.445+07:00 DEBUG 21600 --- [course_service] [    Test worker] s.amazon.awssdk.enhanced.dynamodb.beans  : fit.iuh.edu.com.models.User - Constructor: public fit.iuh.edu.com.models.User()
2025-04-11T20:47:04.517+07:00 DEBUG 21600 --- [course_service] [    Test worker] s.amazon.awssdk.enhanced.dynamodb.beans  : fit.iuh.edu.com.models.User - Adding Converter: software.amazon.awssdk.enhanced.dynamodb.DefaultAttributeConverterProvider
2025-04-11T20:47:04.518+07:00 DEBUG 21600 --- [course_service] [    Test worker] s.amazon.awssdk.enhanced.dynamodb.beans  : software.amazon.awssdk.enhanced.dynamodb.DefaultAttributeConverterProvider - Constructor: public software.amazon.awssdk.enhanced.dynamodb.DefaultAttributeConverterProvider()
2025-04-11T20:47:04.527+07:00 DEBUG 21600 --- [course_service] [    Test worker] s.amazon.awssdk.enhanced.dynamodb.beans  : fit.iuh.edu.com.models.User - Property birthday read method: public java.time.LocalDate fit.iuh.edu.com.models.User.getBirthday()
2025-04-11T20:47:04.529+07:00 DEBUG 21600 --- [course_service] [    Test worker] s.amazon.awssdk.enhanced.dynamodb.beans  : fit.iuh.edu.com.models.User - Property birthday write method: public void fit.iuh.edu.com.models.User.setBirthday(java.time.LocalDate)
2025-04-11T20:47:04.531+07:00 DEBUG 21600 --- [course_service] [    Test worker] s.amazon.awssdk.enhanced.dynamodb.beans  : fit.iuh.edu.com.converter.LocalDateConverter - Constructor: public fit.iuh.edu.com.converter.LocalDateConverter()
2025-04-11T20:47:04.534+07:00 DEBUG 21600 --- [course_service] [    Test worker] s.amazon.awssdk.enhanced.dynamodb.beans  : fit.iuh.edu.com.models.User - Ignoring bean property class because it has no write (set) method.
2025-04-11T20:47:04.534+07:00 DEBUG 21600 --- [course_service] [    Test worker] s.amazon.awssdk.enhanced.dynamodb.beans  : fit.iuh.edu.com.models.User - Property email read method: public java.lang.String fit.iuh.edu.com.models.User.getEmail()
2025-04-11T20:47:04.534+07:00 DEBUG 21600 --- [course_service] [    Test worker] s.amazon.awssdk.enhanced.dynamodb.beans  : fit.iuh.edu.com.models.User - Property email write method: public void fit.iuh.edu.com.models.User.setEmail(java.lang.String)
2025-04-11T20:47:04.535+07:00 DEBUG 21600 --- [course_service] [    Test worker] s.amazon.awssdk.enhanced.dynamodb.beans  : fit.iuh.edu.com.models.User - Property gender read method: public java.lang.String fit.iuh.edu.com.models.User.getGender()
2025-04-11T20:47:04.536+07:00 DEBUG 21600 --- [course_service] [    Test worker] s.amazon.awssdk.enhanced.dynamodb.beans  : fit.iuh.edu.com.models.User - Property gender write method: public void fit.iuh.edu.com.models.User.setGender(java.lang.String)
2025-04-11T20:47:04.536+07:00 DEBUG 21600 --- [course_service] [    Test worker] s.amazon.awssdk.enhanced.dynamodb.beans  : fit.iuh.edu.com.models.User - Property groups read method: public java.util.List fit.iuh.edu.com.models.User.getGroups()
2025-04-11T20:47:04.537+07:00 DEBUG 21600 --- [course_service] [    Test worker] s.amazon.awssdk.enhanced.dynamodb.beans  : fit.iuh.edu.com.models.User - Property groups write method: public void fit.iuh.edu.com.models.User.setGroups(java.util.List)
2025-04-11T20:47:04.537+07:00 DEBUG 21600 --- [course_service] [    Test worker] s.amazon.awssdk.enhanced.dynamodb.beans  : fit.iuh.edu.com.models.User - Property id read method: public java.lang.String fit.iuh.edu.com.models.User.getId()
2025-04-11T20:47:04.538+07:00 DEBUG 21600 --- [course_service] [    Test worker] s.amazon.awssdk.enhanced.dynamodb.beans  : fit.iuh.edu.com.models.User - Property id write method: public void fit.iuh.edu.com.models.User.setId(java.lang.String)
2025-04-11T20:47:04.545+07:00 DEBUG 21600 --- [course_service] [    Test worker] s.amazon.awssdk.enhanced.dynamodb.beans  : fit.iuh.edu.com.models.User - Property userName read method: public java.lang.String fit.iuh.edu.com.models.User.getUserName()
2025-04-11T20:47:04.545+07:00 DEBUG 21600 --- [course_service] [    Test worker] s.amazon.awssdk.enhanced.dynamodb.beans  : fit.iuh.edu.com.models.User - Property userName write method: public void fit.iuh.edu.com.models.User.setUserName(java.lang.String)
2025-04-11T20:47:04.552+07:00 DEBUG 21600 --- [course_service] [    Test worker] .a.e.d.DefaultAttributeConverterProvider : Converter for EnhancedType(java.lang.String): software.amazon.awssdk.enhanced.dynamodb.internal.converter.attribute.StringAttributeConverter
2025-04-11T20:47:04.553+07:00 DEBUG 21600 --- [course_service] [    Test worker] .a.e.d.DefaultAttributeConverterProvider : Converter for EnhancedType(java.lang.String): software.amazon.awssdk.enhanced.dynamodb.internal.converter.attribute.StringAttributeConverter
2025-04-11T20:47:04.553+07:00 DEBUG 21600 --- [course_service] [    Test worker] .a.e.d.DefaultAttributeConverterProvider : Converter for EnhancedType(java.lang.String): software.amazon.awssdk.enhanced.dynamodb.internal.converter.attribute.StringAttributeConverter
2025-04-11T20:47:04.558+07:00 DEBUG 21600 --- [course_service] [    Test worker] .a.e.d.DefaultAttributeConverterProvider : Converter for EnhancedType(java.util.List<java.lang.String>): software.amazon.awssdk.enhanced.dynamodb.internal.converter.attribute.ListAttributeConverter
2025-04-11T20:47:04.559+07:00 DEBUG 21600 --- [course_service] [    Test worker] .a.e.d.DefaultAttributeConverterProvider : Converter for EnhancedType(java.lang.String): software.amazon.awssdk.enhanced.dynamodb.internal.converter.attribute.StringAttributeConverter
2025-04-11T20:47:04.562+07:00 DEBUG 21600 --- [course_service] [    Test worker] .a.e.d.DefaultAttributeConverterProvider : Converter for EnhancedType(java.lang.String): software.amazon.awssdk.enhanced.dynamodb.internal.converter.attribute.StringAttributeConverter
2025-04-11T20:47:04.570+07:00 DEBUG 21600 --- [course_service] [    Test worker] o.s.b.f.s.DefaultListableBeanFactory     : Creating shared instance of singleton bean 'dynamoDbClient'
2025-04-11T20:47:04.795+07:00 DEBUG 21600 --- [course_service] [    Test worker] o.s.b.f.s.DefaultListableBeanFactory     : Creating shared instance of singleton bean 'courseServiceImpl'
2025-04-11T20:47:04.796+07:00 DEBUG 21600 --- [course_service] [    Test worker] o.s.b.f.s.DefaultListableBeanFactory     : Creating shared instance of singleton bean 'courseRepository'
2025-04-11T20:47:04.813+07:00 DEBUG 21600 --- [course_service] [    Test worker] s.amazon.awssdk.enhanced.dynamodb.beans  : fit.iuh.edu.com.models.Course - Creating bean schema
2025-04-11T20:47:04.818+07:00 DEBUG 21600 --- [course_service] [    Test worker] s.amazon.awssdk.enhanced.dynamodb.beans  : fit.iuh.edu.com.models.Course - Constructor: public fit.iuh.edu.com.models.Course()
2025-04-11T20:47:04.820+07:00 DEBUG 21600 --- [course_service] [    Test worker] s.amazon.awssdk.enhanced.dynamodb.beans  : fit.iuh.edu.com.models.Course - Adding Converter: software.amazon.awssdk.enhanced.dynamodb.DefaultAttributeConverterProvider
2025-04-11T20:47:04.820+07:00 DEBUG 21600 --- [course_service] [    Test worker] s.amazon.awssdk.enhanced.dynamodb.beans  : software.amazon.awssdk.enhanced.dynamodb.DefaultAttributeConverterProvider - Constructor: public software.amazon.awssdk.enhanced.dynamodb.DefaultAttributeConverterProvider()
2025-04-11T20:47:04.821+07:00 DEBUG 21600 --- [course_service] [    Test worker] s.amazon.awssdk.enhanced.dynamodb.beans  : fit.iuh.edu.com.models.Course - Property category read method: public java.lang.String fit.iuh.edu.com.models.Course.getCategory()
2025-04-11T20:47:04.822+07:00 DEBUG 21600 --- [course_service] [    Test worker] s.amazon.awssdk.enhanced.dynamodb.beans  : fit.iuh.edu.com.models.Course - Property category write method: public void fit.iuh.edu.com.models.Course.setCategory(java.lang.String)
2025-04-11T20:47:04.823+07:00 DEBUG 21600 --- [course_service] [    Test worker] s.amazon.awssdk.enhanced.dynamodb.beans  : fit.iuh.edu.com.models.Course - Ignoring bean property class because it has no write (set) method.
2025-04-11T20:47:04.823+07:00 DEBUG 21600 --- [course_service] [    Test worker] s.amazon.awssdk.enhanced.dynamodb.beans  : fit.iuh.edu.com.models.Course - Property countLectures read method: public int fit.iuh.edu.com.models.Course.getCountLectures()
2025-04-11T20:47:04.824+07:00 DEBUG 21600 --- [course_service] [    Test worker] s.amazon.awssdk.enhanced.dynamodb.beans  : fit.iuh.edu.com.models.Course - Property countLectures write method: public void fit.iuh.edu.com.models.Course.setCountLectures(int)
2025-04-11T20:47:04.825+07:00 DEBUG 21600 --- [course_service] [    Test worker] s.amazon.awssdk.enhanced.dynamodb.beans  : fit.iuh.edu.com.models.Course - Property countOrders read method: public int fit.iuh.edu.com.models.Course.getCountOrders()
2025-04-11T20:47:04.826+07:00 DEBUG 21600 --- [course_service] [    Test worker] s.amazon.awssdk.enhanced.dynamodb.beans  : fit.iuh.edu.com.models.Course - Property countOrders write method: public void fit.iuh.edu.com.models.Course.setCountOrders(int)
2025-04-11T20:47:04.828+07:00 DEBUG 21600 --- [course_service] [    Test worker] s.amazon.awssdk.enhanced.dynamodb.beans  : fit.iuh.edu.com.models.Course - Property countReviews read method: public int fit.iuh.edu.com.models.Course.getCountReviews()
2025-04-11T20:47:04.830+07:00 DEBUG 21600 --- [course_service] [    Test worker] s.amazon.awssdk.enhanced.dynamodb.beans  : fit.iuh.edu.com.models.Course - Property countReviews write method: public void fit.iuh.edu.com.models.Course.setCountReviews(int)
2025-04-11T20:47:04.832+07:00 DEBUG 21600 --- [course_service] [    Test worker] s.amazon.awssdk.enhanced.dynamodb.beans  : fit.iuh.edu.com.models.Course - Property courseName read method: public java.lang.String fit.iuh.edu.com.models.Course.getCourseName()
2025-04-11T20:47:04.832+07:00 DEBUG 21600 --- [course_service] [    Test worker] s.amazon.awssdk.enhanced.dynamodb.beans  : fit.iuh.edu.com.models.Course - Property courseName write method: public void fit.iuh.edu.com.models.Course.setCourseName(java.lang.String)
2025-04-11T20:47:04.833+07:00 DEBUG 21600 --- [course_service] [    Test worker] s.amazon.awssdk.enhanced.dynamodb.beans  : fit.iuh.edu.com.models.Course - Property description read method: public java.lang.String fit.iuh.edu.com.models.Course.getDescription()
2025-04-11T20:47:04.834+07:00 DEBUG 21600 --- [course_service] [    Test worker] s.amazon.awssdk.enhanced.dynamodb.beans  : fit.iuh.edu.com.models.Course - Property description write method: public void fit.iuh.edu.com.models.Course.setDescription(java.lang.String)
2025-04-11T20:47:04.834+07:00 DEBUG 21600 --- [course_service] [    Test worker] s.amazon.awssdk.enhanced.dynamodb.beans  : fit.iuh.edu.com.models.Course - Property id read method: public java.lang.String fit.iuh.edu.com.models.Course.getId()
2025-04-11T20:47:04.835+07:00 DEBUG 21600 --- [course_service] [    Test worker] s.amazon.awssdk.enhanced.dynamodb.beans  : fit.iuh.edu.com.models.Course - Property id write method: public void fit.iuh.edu.com.models.Course.setId(java.lang.String)
2025-04-11T20:47:04.836+07:00 DEBUG 21600 --- [course_service] [    Test worker] s.amazon.awssdk.enhanced.dynamodb.beans  : fit.iuh.edu.com.models.Course - Property level read method: public fit.iuh.edu.com.enums.CourseLevel fit.iuh.edu.com.models.Course.getLevel()
2025-04-11T20:47:04.837+07:00 DEBUG 21600 --- [course_service] [    Test worker] s.amazon.awssdk.enhanced.dynamodb.beans  : fit.iuh.edu.com.models.Course - Property level write method: public void fit.iuh.edu.com.models.Course.setLevel(fit.iuh.edu.com.enums.CourseLevel)
2025-04-11T20:47:04.837+07:00 DEBUG 21600 --- [course_service] [    Test worker] s.amazon.awssdk.enhanced.dynamodb.beans  : fit.iuh.edu.com.models.Course - Property price read method: public double fit.iuh.edu.com.models.Course.getPrice()
2025-04-11T20:47:04.839+07:00 DEBUG 21600 --- [course_service] [    Test worker] s.amazon.awssdk.enhanced.dynamodb.beans  : fit.iuh.edu.com.models.Course - Property price write method: public void fit.iuh.edu.com.models.Course.setPrice(double)
2025-04-11T20:47:04.840+07:00 DEBUG 21600 --- [course_service] [    Test worker] s.amazon.awssdk.enhanced.dynamodb.beans  : fit.iuh.edu.com.models.Course - Property status read method: public fit.iuh.edu.com.enums.CourseStatus fit.iuh.edu.com.models.Course.getStatus()
2025-04-11T20:47:04.840+07:00 DEBUG 21600 --- [course_service] [    Test worker] s.amazon.awssdk.enhanced.dynamodb.beans  : fit.iuh.edu.com.models.Course - Property status write method: public void fit.iuh.edu.com.models.Course.setStatus(fit.iuh.edu.com.enums.CourseStatus)
2025-04-11T20:47:04.841+07:00 DEBUG 21600 --- [course_service] [    Test worker] s.amazon.awssdk.enhanced.dynamodb.beans  : fit.iuh.edu.com.models.Course - Property studentsId read method: public java.util.List fit.iuh.edu.com.models.Course.getStudentsId()
2025-04-11T20:47:04.841+07:00 DEBUG 21600 --- [course_service] [    Test worker] s.amazon.awssdk.enhanced.dynamodb.beans  : fit.iuh.edu.com.models.Course - Property studentsId write method: public void fit.iuh.edu.com.models.Course.setStudentsId(java.util.List)
2025-04-11T20:47:04.841+07:00 DEBUG 21600 --- [course_service] [    Test worker] s.amazon.awssdk.enhanced.dynamodb.beans  : fit.iuh.edu.com.models.Course - Property teacherId read method: public java.lang.String fit.iuh.edu.com.models.Course.getTeacherId()
2025-04-11T20:47:04.842+07:00 DEBUG 21600 --- [course_service] [    Test worker] s.amazon.awssdk.enhanced.dynamodb.beans  : fit.iuh.edu.com.models.Course - Property teacherId write method: public void fit.iuh.edu.com.models.Course.setTeacherId(java.lang.String)
2025-04-11T20:47:04.842+07:00 DEBUG 21600 --- [course_service] [    Test worker] s.amazon.awssdk.enhanced.dynamodb.beans  : fit.iuh.edu.com.models.Course - Property teacherName read method: public java.lang.String fit.iuh.edu.com.models.Course.getTeacherName()
2025-04-11T20:47:04.844+07:00 DEBUG 21600 --- [course_service] [    Test worker] s.amazon.awssdk.enhanced.dynamodb.beans  : fit.iuh.edu.com.models.Course - Property teacherName write method: public void fit.iuh.edu.com.models.Course.setTeacherName(java.lang.String)
2025-04-11T20:47:04.845+07:00 DEBUG 21600 --- [course_service] [    Test worker] s.amazon.awssdk.enhanced.dynamodb.beans  : fit.iuh.edu.com.models.Course - Property totalReview read method: public float fit.iuh.edu.com.models.Course.getTotalReview()
2025-04-11T20:47:04.845+07:00 DEBUG 21600 --- [course_service] [    Test worker] s.amazon.awssdk.enhanced.dynamodb.beans  : fit.iuh.edu.com.models.Course - Property totalReview write method: public void fit.iuh.edu.com.models.Course.setTotalReview(float)
2025-04-11T20:47:04.847+07:00 DEBUG 21600 --- [course_service] [    Test worker] s.amazon.awssdk.enhanced.dynamodb.beans  : fit.iuh.edu.com.models.Course - Property urlAvt read method: public java.lang.String fit.iuh.edu.com.models.Course.getUrlAvt()
2025-04-11T20:47:04.847+07:00 DEBUG 21600 --- [course_service] [    Test worker] s.amazon.awssdk.enhanced.dynamodb.beans  : fit.iuh.edu.com.models.Course - Property urlAvt write method: public void fit.iuh.edu.com.models.Course.setUrlAvt(java.lang.String)
2025-04-11T20:47:04.849+07:00 DEBUG 21600 --- [course_service] [    Test worker] s.amazon.awssdk.enhanced.dynamodb.beans  : fit.iuh.edu.com.models.Course - Property urlIntro read method: public java.lang.String fit.iuh.edu.com.models.Course.getUrlIntro()
2025-04-11T20:47:04.849+07:00 DEBUG 21600 --- [course_service] [    Test worker] s.amazon.awssdk.enhanced.dynamodb.beans  : fit.iuh.edu.com.models.Course - Property urlIntro write method: public void fit.iuh.edu.com.models.Course.setUrlIntro(java.lang.String)
2025-04-11T20:47:04.850+07:00 DEBUG 21600 --- [course_service] [    Test worker] .a.e.d.DefaultAttributeConverterProvider : Converter for EnhancedType(java.lang.String): software.amazon.awssdk.enhanced.dynamodb.internal.converter.attribute.StringAttributeConverter
2025-04-11T20:47:04.850+07:00 DEBUG 21600 --- [course_service] [    Test worker] .a.e.d.DefaultAttributeConverterProvider : Converter for EnhancedType(int): software.amazon.awssdk.enhanced.dynamodb.internal.converter.attribute.IntegerAttributeConverter
2025-04-11T20:47:04.851+07:00 DEBUG 21600 --- [course_service] [    Test worker] .a.e.d.DefaultAttributeConverterProvider : Converter for EnhancedType(int): software.amazon.awssdk.enhanced.dynamodb.internal.converter.attribute.IntegerAttributeConverter
2025-04-11T20:47:04.851+07:00 DEBUG 21600 --- [course_service] [    Test worker] .a.e.d.DefaultAttributeConverterProvider : Converter for EnhancedType(int): software.amazon.awssdk.enhanced.dynamodb.internal.converter.attribute.IntegerAttributeConverter
2025-04-11T20:47:04.851+07:00 DEBUG 21600 --- [course_service] [    Test worker] .a.e.d.DefaultAttributeConverterProvider : Converter for EnhancedType(java.lang.String): software.amazon.awssdk.enhanced.dynamodb.internal.converter.attribute.StringAttributeConverter
2025-04-11T20:47:04.851+07:00 DEBUG 21600 --- [course_service] [    Test worker] .a.e.d.DefaultAttributeConverterProvider : Converter for EnhancedType(java.lang.String): software.amazon.awssdk.enhanced.dynamodb.internal.converter.attribute.StringAttributeConverter
2025-04-11T20:47:04.851+07:00 DEBUG 21600 --- [course_service] [    Test worker] .a.e.d.DefaultAttributeConverterProvider : Converter for EnhancedType(java.lang.String): software.amazon.awssdk.enhanced.dynamodb.internal.converter.attribute.StringAttributeConverter
2025-04-11T20:47:04.854+07:00 DEBUG 21600 --- [course_service] [    Test worker] .a.e.d.DefaultAttributeConverterProvider : Converter for EnhancedType(fit.iuh.edu.com.enums.CourseLevel): software.amazon.awssdk.enhanced.dynamodb.EnumAttributeConverter
2025-04-11T20:47:04.854+07:00 DEBUG 21600 --- [course_service] [    Test worker] .a.e.d.DefaultAttributeConverterProvider : Converter for EnhancedType(double): software.amazon.awssdk.enhanced.dynamodb.internal.converter.attribute.DoubleAttributeConverter
2025-04-11T20:47:04.855+07:00 DEBUG 21600 --- [course_service] [    Test worker] .a.e.d.DefaultAttributeConverterProvider : Converter for EnhancedType(fit.iuh.edu.com.enums.CourseStatus): software.amazon.awssdk.enhanced.dynamodb.EnumAttributeConverter
2025-04-11T20:47:04.855+07:00 DEBUG 21600 --- [course_service] [    Test worker] .a.e.d.DefaultAttributeConverterProvider : Converter for EnhancedType(java.lang.String): software.amazon.awssdk.enhanced.dynamodb.internal.converter.attribute.StringAttributeConverter
2025-04-11T20:47:04.856+07:00 DEBUG 21600 --- [course_service] [    Test worker] .a.e.d.DefaultAttributeConverterProvider : Converter for EnhancedType(java.util.List<java.lang.String>): software.amazon.awssdk.enhanced.dynamodb.internal.converter.attribute.ListAttributeConverter
2025-04-11T20:47:04.856+07:00 DEBUG 21600 --- [course_service] [    Test worker] .a.e.d.DefaultAttributeConverterProvider : Converter for EnhancedType(java.lang.String): software.amazon.awssdk.enhanced.dynamodb.internal.converter.attribute.StringAttributeConverter
2025-04-11T20:47:04.856+07:00 DEBUG 21600 --- [course_service] [    Test worker] .a.e.d.DefaultAttributeConverterProvider : Converter for EnhancedType(java.lang.String): software.amazon.awssdk.enhanced.dynamodb.internal.converter.attribute.StringAttributeConverter
2025-04-11T20:47:04.856+07:00 DEBUG 21600 --- [course_service] [    Test worker] .a.e.d.DefaultAttributeConverterProvider : Converter for EnhancedType(float): software.amazon.awssdk.enhanced.dynamodb.internal.converter.attribute.FloatAttributeConverter
2025-04-11T20:47:04.856+07:00 DEBUG 21600 --- [course_service] [    Test worker] .a.e.d.DefaultAttributeConverterProvider : Converter for EnhancedType(java.lang.String): software.amazon.awssdk.enhanced.dynamodb.internal.converter.attribute.StringAttributeConverter
2025-04-11T20:47:04.856+07:00 DEBUG 21600 --- [course_service] [    Test worker] .a.e.d.DefaultAttributeConverterProvider : Converter for EnhancedType(java.lang.String): software.amazon.awssdk.enhanced.dynamodb.internal.converter.attribute.StringAttributeConverter
2025-04-11T20:47:04.881+07:00 DEBUG 21600 --- [course_service] [    Test worker] o.s.b.f.s.DefaultListableBeanFactory     : Creating shared instance of singleton bean 'categoryServiceImpl'
2025-04-11T20:47:04.882+07:00 DEBUG 21600 --- [course_service] [    Test worker] o.s.b.f.s.DefaultListableBeanFactory     : Creating shared instance of singleton bean 'categoryRepository'
2025-04-11T20:47:04.893+07:00 DEBUG 21600 --- [course_service] [    Test worker] s.amazon.awssdk.enhanced.dynamodb.beans  : fit.iuh.edu.com.models.Category - Creating bean schema
2025-04-11T20:47:04.896+07:00 DEBUG 21600 --- [course_service] [    Test worker] s.amazon.awssdk.enhanced.dynamodb.beans  : fit.iuh.edu.com.models.Category - Constructor: public fit.iuh.edu.com.models.Category()
2025-04-11T20:47:04.897+07:00 DEBUG 21600 --- [course_service] [    Test worker] s.amazon.awssdk.enhanced.dynamodb.beans  : fit.iuh.edu.com.models.Category - Adding Converter: software.amazon.awssdk.enhanced.dynamodb.DefaultAttributeConverterProvider
2025-04-11T20:47:04.898+07:00 DEBUG 21600 --- [course_service] [    Test worker] s.amazon.awssdk.enhanced.dynamodb.beans  : software.amazon.awssdk.enhanced.dynamodb.DefaultAttributeConverterProvider - Constructor: public software.amazon.awssdk.enhanced.dynamodb.DefaultAttributeConverterProvider()
2025-04-11T20:47:04.899+07:00 DEBUG 21600 --- [course_service] [    Test worker] s.amazon.awssdk.enhanced.dynamodb.beans  : fit.iuh.edu.com.models.Category - Property categoryName read method: public java.lang.String fit.iuh.edu.com.models.Category.getCategoryName()
2025-04-11T20:47:04.900+07:00 DEBUG 21600 --- [course_service] [    Test worker] s.amazon.awssdk.enhanced.dynamodb.beans  : fit.iuh.edu.com.models.Category - Property categoryName write method: public void fit.iuh.edu.com.models.Category.setCategoryName(java.lang.String)
2025-04-11T20:47:04.900+07:00 DEBUG 21600 --- [course_service] [    Test worker] s.amazon.awssdk.enhanced.dynamodb.beans  : fit.iuh.edu.com.models.Category - Ignoring bean property class because it has no write (set) method.
2025-04-11T20:47:04.900+07:00 DEBUG 21600 --- [course_service] [    Test worker] s.amazon.awssdk.enhanced.dynamodb.beans  : fit.iuh.edu.com.models.Category - Property id read method: public java.lang.String fit.iuh.edu.com.models.Category.getId()
2025-04-11T20:47:04.901+07:00 DEBUG 21600 --- [course_service] [    Test worker] s.amazon.awssdk.enhanced.dynamodb.beans  : fit.iuh.edu.com.models.Category - Property id write method: public void fit.iuh.edu.com.models.Category.setId(java.lang.String)
2025-04-11T20:47:04.903+07:00 DEBUG 21600 --- [course_service] [    Test worker] .a.e.d.DefaultAttributeConverterProvider : Converter for EnhancedType(java.lang.String): software.amazon.awssdk.enhanced.dynamodb.internal.converter.attribute.StringAttributeConverter
2025-04-11T20:47:04.903+07:00 DEBUG 21600 --- [course_service] [    Test worker] .a.e.d.DefaultAttributeConverterProvider : Converter for EnhancedType(java.lang.String): software.amazon.awssdk.enhanced.dynamodb.internal.converter.attribute.StringAttributeConverter
2025-04-11T20:47:04.934+07:00 DEBUG 21600 --- [course_service] [    Test worker] o.s.b.f.s.DefaultListableBeanFactory     : Creating shared instance of singleton bean 'webClientBuilder'
2025-04-11T20:47:04.961+07:00 DEBUG 21600 --- [course_service] [    Test worker] o.s.b.f.s.DefaultListableBeanFactory     : Creating shared instance of singleton bean 'org.springframework.security.config.annotation.configuration.ObjectPostProcessorConfiguration'
2025-04-11T20:47:04.963+07:00 DEBUG 21600 --- [course_service] [    Test worker] o.s.b.f.s.DefaultListableBeanFactory     : Creating shared instance of singleton bean 'objectPostProcessor'
2025-04-11T20:47:04.965+07:00 DEBUG 21600 --- [course_service] [    Test worker] o.s.b.f.s.DefaultListableBeanFactory     : Autowiring by type from bean name 'objectPostProcessor' via factory method to bean named 'org.springframework.beans.factory.support.DefaultListableBeanFactory@5eed2d86'
2025-04-11T20:47:04.969+07:00 DEBUG 21600 --- [course_service] [    Test worker] o.s.b.f.s.DefaultListableBeanFactory     : Creating shared instance of singleton bean 'org.springframework.security.config.annotation.authentication.configuration.AuthenticationConfiguration'
2025-04-11T20:47:04.976+07:00 DEBUG 21600 --- [course_service] [    Test worker] o.s.b.f.s.DefaultListableBeanFactory     : Creating shared instance of singleton bean 'enableGlobalAuthenticationAutowiredConfigurer'
2025-04-11T20:47:04.977+07:00 DEBUG 21600 --- [course_service] [    Test worker] o.s.b.f.s.DefaultListableBeanFactory     : Autowiring by type from bean name 'enableGlobalAuthenticationAutowiredConfigurer' via factory method to bean named 'org.springframework.web.context.support.GenericWebApplicationContext@c6634d'
2025-04-11T20:47:04.981+07:00 DEBUG 21600 --- [course_service] [    Test worker] o.s.b.f.s.DefaultListableBeanFactory     : Creating shared instance of singleton bean 'initializeUserDetailsBeanManagerConfigurer'
2025-04-11T20:47:04.981+07:00 DEBUG 21600 --- [course_service] [    Test worker] o.s.b.f.s.DefaultListableBeanFactory     : Autowiring by type from bean name 'initializeUserDetailsBeanManagerConfigurer' via factory method to bean named 'org.springframework.web.context.support.GenericWebApplicationContext@c6634d'
2025-04-11T20:47:04.984+07:00 DEBUG 21600 --- [course_service] [    Test worker] o.s.b.f.s.DefaultListableBeanFactory     : Creating shared instance of singleton bean 'initializeAuthenticationProviderBeanManagerConfigurer'
2025-04-11T20:47:04.985+07:00 DEBUG 21600 --- [course_service] [    Test worker] o.s.b.f.s.DefaultListableBeanFactory     : Autowiring by type from bean name 'initializeAuthenticationProviderBeanManagerConfigurer' via factory method to bean named 'org.springframework.web.context.support.GenericWebApplicationContext@c6634d'
2025-04-11T20:47:04.989+07:00 DEBUG 21600 --- [course_service] [    Test worker] o.s.b.f.s.DefaultListableBeanFactory     : Creating shared instance of singleton bean 'authenticationManagerBuilder'
2025-04-11T20:47:04.991+07:00 DEBUG 21600 --- [course_service] [    Test worker] o.s.b.f.s.DefaultListableBeanFactory     : Autowiring by type from bean name 'authenticationManagerBuilder' via factory method to bean named 'objectPostProcessor'
2025-04-11T20:47:04.991+07:00 DEBUG 21600 --- [course_service] [    Test worker] o.s.b.f.s.DefaultListableBeanFactory     : Autowiring by type from bean name 'authenticationManagerBuilder' via factory method to bean named 'org.springframework.web.context.support.GenericWebApplicationContext@c6634d'
2025-04-11T20:47:04.993+07:00 DEBUG 21600 --- [course_service] [    Test worker] o.s.b.f.s.DefaultListableBeanFactory     : Creating shared instance of singleton bean 'authenticationEventPublisher'
2025-04-11T20:47:04.994+07:00 DEBUG 21600 --- [course_service] [    Test worker] o.s.b.f.s.DefaultListableBeanFactory     : Creating shared instance of singleton bean 'org.springframework.boot.autoconfigure.security.servlet.SecurityAutoConfiguration'
2025-04-11T20:47:04.997+07:00 DEBUG 21600 --- [course_service] [    Test worker] o.s.b.f.s.DefaultListableBeanFactory     : Autowiring by type from bean name 'authenticationEventPublisher' via factory method to bean named 'org.springframework.web.context.support.GenericWebApplicationContext@c6634d'
2025-04-11T20:47:05.024+07:00 DEBUG 21600 --- [course_service] [    Test worker] o.s.b.f.s.DefaultListableBeanFactory     : Creating shared instance of singleton bean 'org.springframework.security.config.annotation.web.configuration.WebSecurityConfiguration'
2025-04-11T20:47:05.030+07:00 DEBUG 21600 --- [course_service] [    Test worker] o.s.b.f.s.DefaultListableBeanFactory     : Creating shared instance of singleton bean 'org.springframework.security.config.annotation.web.configuration.HttpSecurityConfiguration'
2025-04-11T20:47:05.040+07:00 DEBUG 21600 --- [course_service] [    Test worker] o.s.b.f.s.DefaultListableBeanFactory     : Creating shared instance of singleton bean 'mvcContentNegotiationManager'
2025-04-11T20:47:05.041+07:00 DEBUG 21600 --- [course_service] [    Test worker] o.s.b.f.s.DefaultListableBeanFactory     : Creating shared instance of singleton bean 'org.springframework.boot.autoconfigure.web.servlet.WebMvcAutoConfiguration$EnableWebMvcConfiguration'
2025-04-11T20:47:05.045+07:00 DEBUG 21600 --- [course_service] [    Test worker] o.s.b.f.s.DefaultListableBeanFactory     : Creating shared instance of singleton bean 'spring.mvc-org.springframework.boot.autoconfigure.web.servlet.WebMvcProperties'
2025-04-11T20:47:05.055+07:00 DEBUG 21600 --- [course_service] [    Test worker] o.s.b.f.s.DefaultListableBeanFactory     : Creating shared instance of singleton bean 'spring.web-org.springframework.boot.autoconfigure.web.WebProperties'
2025-04-11T20:47:05.061+07:00 DEBUG 21600 --- [course_service] [    Test worker] o.s.b.f.s.DefaultListableBeanFactory     : Autowiring by type from bean name 'org.springframework.boot.autoconfigure.web.servlet.WebMvcAutoConfiguration$EnableWebMvcConfiguration' via constructor to bean named 'spring.mvc-org.springframework.boot.autoconfigure.web.servlet.WebMvcProperties'
2025-04-11T20:47:05.061+07:00 DEBUG 21600 --- [course_service] [    Test worker] o.s.b.f.s.DefaultListableBeanFactory     : Autowiring by type from bean name 'org.springframework.boot.autoconfigure.web.servlet.WebMvcAutoConfiguration$EnableWebMvcConfiguration' via constructor to bean named 'spring.web-org.springframework.boot.autoconfigure.web.WebProperties'
2025-04-11T20:47:05.061+07:00 DEBUG 21600 --- [course_service] [    Test worker] o.s.b.f.s.DefaultListableBeanFactory     : Autowiring by type from bean name 'org.springframework.boot.autoconfigure.web.servlet.WebMvcAutoConfiguration$EnableWebMvcConfiguration' via constructor to bean named 'org.springframework.beans.factory.support.DefaultListableBeanFactory@5eed2d86'
2025-04-11T20:47:05.070+07:00 DEBUG 21600 --- [course_service] [    Test worker] o.s.b.f.s.DefaultListableBeanFactory     : Creating shared instance of singleton bean 'org.springframework.security.config.annotation.web.configuration.WebMvcSecurityConfiguration'
2025-04-11T20:47:05.074+07:00 DEBUG 21600 --- [course_service] [    Test worker] o.s.b.f.s.DefaultListableBeanFactory     : Creating shared instance of singleton bean 'org.springframework.security.config.annotation.web.configuration.OAuth2ClientConfiguration$OAuth2ClientWebMvcSecurityConfiguration'
2025-04-11T20:47:05.075+07:00 DEBUG 21600 --- [course_service] [    Test worker] o.s.b.f.s.DefaultListableBeanFactory     : Autowiring by type from bean name 'org.springframework.security.config.annotation.web.configuration.OAuth2ClientConfiguration$OAuth2ClientWebMvcSecurityConfiguration' via constructor to bean named 'authorizedClientManagerRegistrar'
2025-04-11T20:47:05.078+07:00 DEBUG 21600 --- [course_service] [    Test worker] o.s.b.f.s.DefaultListableBeanFactory     : Creating shared instance of singleton bean 'corsConfigurer'
2025-04-11T20:47:05.083+07:00 DEBUG 21600 --- [course_service] [    Test worker] o.s.b.f.s.DefaultListableBeanFactory     : Creating shared instance of singleton bean 'org.springframework.boot.autoconfigure.web.servlet.WebMvcAutoConfiguration$WebMvcAutoConfigurationAdapter'
2025-04-11T20:47:05.085+07:00 DEBUG 21600 --- [course_service] [    Test worker] o.s.b.f.s.DefaultListableBeanFactory     : Autowiring by type from bean name 'org.springframework.boot.autoconfigure.web.servlet.WebMvcAutoConfiguration$WebMvcAutoConfigurationAdapter' via constructor to bean named 'spring.web-org.springframework.boot.autoconfigure.web.WebProperties'
2025-04-11T20:47:05.086+07:00 DEBUG 21600 --- [course_service] [    Test worker] o.s.b.f.s.DefaultListableBeanFactory     : Autowiring by type from bean name 'org.springframework.boot.autoconfigure.web.servlet.WebMvcAutoConfiguration$WebMvcAutoConfigurationAdapter' via constructor to bean named 'spring.mvc-org.springframework.boot.autoconfigure.web.servlet.WebMvcProperties'
2025-04-11T20:47:05.086+07:00 DEBUG 21600 --- [course_service] [    Test worker] o.s.b.f.s.DefaultListableBeanFactory     : Autowiring by type from bean name 'org.springframework.boot.autoconfigure.web.servlet.WebMvcAutoConfiguration$WebMvcAutoConfigurationAdapter' via constructor to bean named 'org.springframework.beans.factory.support.DefaultListableBeanFactory@5eed2d86'
2025-04-11T20:47:05.091+07:00 DEBUG 21600 --- [course_service] [    Test worker] o.s.b.f.s.DefaultListableBeanFactory     : Creating shared instance of singleton bean 'swaggerWebMvcConfigurer'
2025-04-11T20:47:05.092+07:00 DEBUG 21600 --- [course_service] [    Test worker] o.s.b.f.s.DefaultListableBeanFactory     : Creating shared instance of singleton bean 'org.springdoc.webmvc.ui.SwaggerConfig'
2025-04-11T20:47:05.095+07:00 DEBUG 21600 --- [course_service] [    Test worker] o.s.b.f.s.DefaultListableBeanFactory     : Creating shared instance of singleton bean 'org.springdoc.core.properties.SwaggerUiConfigParameters'
2025-04-11T20:47:05.098+07:00 DEBUG 21600 --- [course_service] [    Test worker] o.s.b.f.s.DefaultListableBeanFactory     : Creating shared instance of singleton bean 'org.springdoc.core.properties.SwaggerUiConfigProperties'
2025-04-11T20:47:05.116+07:00 DEBUG 21600 --- [course_service] [    Test worker] o.s.b.f.s.DefaultListableBeanFactory     : Autowiring by type from bean name 'org.springdoc.core.properties.SwaggerUiConfigParameters' via constructor to bean named 'org.springdoc.core.properties.SwaggerUiConfigProperties'
2025-04-11T20:47:05.144+07:00 DEBUG 21600 --- [course_service] [    Test worker] o.s.b.f.s.DefaultListableBeanFactory     : Creating shared instance of singleton bean 'indexPageTransformer'
2025-04-11T20:47:05.145+07:00 DEBUG 21600 --- [course_service] [    Test worker] o.s.b.f.s.DefaultListableBeanFactory     : Creating shared instance of singleton bean 'org.springdoc.core.properties.SwaggerUiOAuthProperties'
2025-04-11T20:47:05.153+07:00 DEBUG 21600 --- [course_service] [    Test worker] o.s.b.f.s.DefaultListableBeanFactory     : Creating shared instance of singleton bean 'swaggerWelcome'
2025-04-11T20:47:05.156+07:00 DEBUG 21600 --- [course_service] [    Test worker] o.s.b.f.s.DefaultListableBeanFactory     : Creating shared instance of singleton bean 'org.springdoc.core.properties.SpringDocConfigProperties'
2025-04-11T20:47:05.183+07:00 DEBUG 21600 --- [course_service] [    Test worker] o.s.b.f.s.DefaultListableBeanFactory     : Creating shared instance of singleton bean 'springWebProvider'
2025-04-11T20:47:05.184+07:00 DEBUG 21600 --- [course_service] [    Test worker] o.s.b.f.s.DefaultListableBeanFactory     : Creating shared instance of singleton bean 'org.springdoc.webmvc.core.configuration.SpringDocWebMvcConfiguration'
2025-04-11T20:47:05.201+07:00 DEBUG 21600 --- [course_service] [    Test worker] o.s.b.f.s.DefaultListableBeanFactory     : Autowiring by type from bean name 'swaggerWelcome' via factory method to bean named 'org.springdoc.core.properties.SwaggerUiConfigProperties'
2025-04-11T20:47:05.201+07:00 DEBUG 21600 --- [course_service] [    Test worker] o.s.b.f.s.DefaultListableBeanFactory     : Autowiring by type from bean name 'swaggerWelcome' via factory method to bean named 'org.springdoc.core.properties.SpringDocConfigProperties'
2025-04-11T20:47:05.201+07:00 DEBUG 21600 --- [course_service] [    Test worker] o.s.b.f.s.DefaultListableBeanFactory     : Autowiring by type from bean name 'swaggerWelcome' via factory method to bean named 'org.springdoc.core.properties.SwaggerUiConfigParameters'
2025-04-11T20:47:05.202+07:00 DEBUG 21600 --- [course_service] [    Test worker] o.s.b.f.s.DefaultListableBeanFactory     : Autowiring by type from bean name 'swaggerWelcome' via factory method to bean named 'springWebProvider'
2025-04-11T20:47:05.262+07:00 DEBUG 21600 --- [course_service] [    Test worker] o.s.b.f.s.DefaultListableBeanFactory     : Creating shared instance of singleton bean 'springdocObjectMapperProvider'
2025-04-11T20:47:05.263+07:00 DEBUG 21600 --- [course_service] [    Test worker] o.s.b.f.s.DefaultListableBeanFactory     : Creating shared instance of singleton bean 'org.springdoc.core.configuration.SpringDocConfiguration'
2025-04-11T20:47:05.270+07:00 DEBUG 21600 --- [course_service] [    Test worker] o.s.b.f.s.DefaultListableBeanFactory     : Autowiring by type from bean name 'springdocObjectMapperProvider' via factory method to bean named 'org.springdoc.core.properties.SpringDocConfigProperties'
2025-04-11T20:47:05.351+07:00 DEBUG 21600 --- [course_service] [    Test worker] o.s.b.f.s.DefaultListableBeanFactory     : Autowiring by type from bean name 'indexPageTransformer' via factory method to bean named 'org.springdoc.core.properties.SwaggerUiConfigProperties'
2025-04-11T20:47:05.352+07:00 DEBUG 21600 --- [course_service] [    Test worker] o.s.b.f.s.DefaultListableBeanFactory     : Autowiring by type from bean name 'indexPageTransformer' via factory method to bean named 'org.springdoc.core.properties.SwaggerUiOAuthProperties'
2025-04-11T20:47:05.352+07:00 DEBUG 21600 --- [course_service] [    Test worker] o.s.b.f.s.DefaultListableBeanFactory     : Autowiring by type from bean name 'indexPageTransformer' via factory method to bean named 'org.springdoc.core.properties.SwaggerUiConfigParameters'
2025-04-11T20:47:05.352+07:00 DEBUG 21600 --- [course_service] [    Test worker] o.s.b.f.s.DefaultListableBeanFactory     : Autowiring by type from bean name 'indexPageTransformer' via factory method to bean named 'swaggerWelcome'
2025-04-11T20:47:05.352+07:00 DEBUG 21600 --- [course_service] [    Test worker] o.s.b.f.s.DefaultListableBeanFactory     : Autowiring by type from bean name 'indexPageTransformer' via factory method to bean named 'springdocObjectMapperProvider'
2025-04-11T20:47:05.361+07:00 DEBUG 21600 --- [course_service] [    Test worker] o.s.b.f.s.DefaultListableBeanFactory     : Creating shared instance of singleton bean 'swaggerResourceResolver'
2025-04-11T20:47:05.362+07:00 DEBUG 21600 --- [course_service] [    Test worker] o.s.b.f.s.DefaultListableBeanFactory     : Autowiring by type from bean name 'swaggerResourceResolver' via factory method to bean named 'org.springdoc.core.properties.SwaggerUiConfigProperties'
2025-04-11T20:47:05.365+07:00 DEBUG 21600 --- [course_service] [    Test worker] o.s.b.f.s.DefaultListableBeanFactory     : Autowiring by type from bean name 'swaggerWebMvcConfigurer' via factory method to bean named 'org.springdoc.core.properties.SwaggerUiConfigParameters'
2025-04-11T20:47:05.366+07:00 DEBUG 21600 --- [course_service] [    Test worker] o.s.b.f.s.DefaultListableBeanFactory     : Autowiring by type from bean name 'swaggerWebMvcConfigurer' via factory method to bean named 'indexPageTransformer'
2025-04-11T20:47:05.366+07:00 DEBUG 21600 --- [course_service] [    Test worker] o.s.b.f.s.DefaultListableBeanFactory     : Autowiring by type from bean name 'swaggerWebMvcConfigurer' via factory method to bean named 'swaggerResourceResolver'
2025-04-11T20:47:05.368+07:00 DEBUG 21600 --- [course_service] [    Test worker] o.s.b.f.s.DefaultListableBeanFactory     : Creating shared instance of singleton bean 'hypermediaWebMvcConfigurer'
2025-04-11T20:47:05.368+07:00 DEBUG 21600 --- [course_service] [    Test worker] o.s.b.f.s.DefaultListableBeanFactory     : Creating shared instance of singleton bean 'org.springframework.hateoas.config.WebMvcHateoasConfiguration'
2025-04-11T20:47:05.371+07:00 DEBUG 21600 --- [course_service] [    Test worker] o.s.b.f.s.DefaultListableBeanFactory     : Creating shared instance of singleton bean 'hypermediaWebMvcConverters'
2025-04-11T20:47:05.372+07:00 DEBUG 21600 --- [course_service] [    Test worker] o.s.b.f.s.DefaultListableBeanFactory     : Creating shared instance of singleton bean 'org.springframework.hateoas.config.HateoasConfiguration'
2025-04-11T20:47:05.374+07:00 DEBUG 21600 --- [course_service] [    Test worker] o.s.b.f.s.DefaultListableBeanFactory     : Creating shared instance of singleton bean 'org.springframework.hateoas.mediatype.hal.HalMediaTypeConfiguration'
2025-04-11T20:47:05.376+07:00 DEBUG 21600 --- [course_service] [    Test worker] o.s.b.f.s.DefaultListableBeanFactory     : Creating shared instance of singleton bean '_relProvider'
2025-04-11T20:47:05.377+07:00 DEBUG 21600 --- [course_service] [    Test worker] o.s.b.f.s.DefaultListableBeanFactory     : Creating shared instance of singleton bean 'relProviderPluginRegistry'
2025-04-11T20:47:05.378+07:00 DEBUG 21600 --- [course_service] [    Test worker] o.s.b.f.s.DefaultListableBeanFactory     : Autowiring by type from bean name 'relProviderPluginRegistry' via factory method to bean named 'org.springframework.web.context.support.GenericWebApplicationContext@c6634d'
2025-04-11T20:47:05.405+07:00 DEBUG 21600 --- [course_service] [    Test worker] o.s.b.f.s.DefaultListableBeanFactory     : Autowiring by type from bean name '_relProvider' via factory method to bean named 'relProviderPluginRegistry'
2025-04-11T20:47:05.411+07:00 DEBUG 21600 --- [course_service] [    Test worker] o.s.b.f.s.DefaultListableBeanFactory     : Creating shared instance of singleton bean 'messageResolver'
2025-04-11T20:47:05.420+07:00 DEBUG 21600 --- [course_service] [    Test worker] o.s.b.f.s.DefaultListableBeanFactory     : Autowiring by type from bean name 'org.springframework.hateoas.mediatype.hal.HalMediaTypeConfiguration' via constructor to bean named '_relProvider'
2025-04-11T20:47:05.420+07:00 DEBUG 21600 --- [course_service] [    Test worker] o.s.b.f.s.DefaultListableBeanFactory     : Autowiring by type from bean name 'org.springframework.hateoas.mediatype.hal.HalMediaTypeConfiguration' via constructor to bean named 'messageResolver'
2025-04-11T20:47:05.420+07:00 DEBUG 21600 --- [course_service] [    Test worker] o.s.b.f.s.DefaultListableBeanFactory     : Autowiring by type from bean name 'org.springframework.hateoas.mediatype.hal.HalMediaTypeConfiguration' via constructor to bean named 'org.springframework.beans.factory.support.DefaultListableBeanFactory@5eed2d86'
2025-04-11T20:47:05.423+07:00 DEBUG 21600 --- [course_service] [    Test worker] o.s.b.f.s.DefaultListableBeanFactory     : Creating shared instance of singleton bean 'org.springframework.hateoas.mediatype.hal.forms.HalFormsMediaTypeConfiguration'
2025-04-11T20:47:05.426+07:00 DEBUG 21600 --- [course_service] [    Test worker] o.s.b.f.s.DefaultListableBeanFactory     : Autowiring by type from bean name 'org.springframework.hateoas.mediatype.hal.forms.HalFormsMediaTypeConfiguration' via constructor to bean named '_relProvider'
2025-04-11T20:47:05.426+07:00 DEBUG 21600 --- [course_service] [    Test worker] o.s.b.f.s.DefaultListableBeanFactory     : Autowiring by type from bean name 'org.springframework.hateoas.mediatype.hal.forms.HalFormsMediaTypeConfiguration' via constructor to bean named 'messageResolver'
2025-04-11T20:47:05.427+07:00 DEBUG 21600 --- [course_service] [    Test worker] o.s.b.f.s.DefaultListableBeanFactory     : Autowiring by type from bean name 'org.springframework.hateoas.mediatype.hal.forms.HalFormsMediaTypeConfiguration' via constructor to bean named 'org.springframework.beans.factory.support.DefaultListableBeanFactory@5eed2d86'
2025-04-11T20:47:05.432+07:00 DEBUG 21600 --- [course_service] [    Test worker] o.s.b.f.s.DefaultListableBeanFactory     : Autowiring by type from bean name 'hypermediaWebMvcConverters' via factory method to bean named 'org.springframework.hateoas.mediatype.hal.HalMediaTypeConfiguration'
2025-04-11T20:47:05.432+07:00 DEBUG 21600 --- [course_service] [    Test worker] o.s.b.f.s.DefaultListableBeanFactory     : Autowiring by type from bean name 'hypermediaWebMvcConverters' via factory method to bean named 'org.springframework.hateoas.mediatype.hal.forms.HalFormsMediaTypeConfiguration'
2025-04-11T20:47:05.438+07:00 DEBUG 21600 --- [course_service] [    Test worker] o.s.b.f.s.DefaultListableBeanFactory     : Creating shared instance of singleton bean 'applicationJsonHalConfiguration'
2025-04-11T20:47:05.438+07:00 DEBUG 21600 --- [course_service] [    Test worker] o.s.b.f.s.DefaultListableBeanFactory     : Creating shared instance of singleton bean 'org.springframework.boot.autoconfigure.hateoas.HypermediaAutoConfiguration'
2025-04-11T20:47:05.454+07:00 DEBUG 21600 --- [course_service] [    Test worker] o.s.b.f.s.DefaultListableBeanFactory     : Creating shared instance of singleton bean 'jacksonObjectMapper'
2025-04-11T20:47:05.455+07:00 DEBUG 21600 --- [course_service] [    Test worker] o.s.b.f.s.DefaultListableBeanFactory     : Creating shared instance of singleton bean 'org.springframework.boot.autoconfigure.jackson.JacksonAutoConfiguration$JacksonObjectMapperConfiguration'
2025-04-11T20:47:05.458+07:00 DEBUG 21600 --- [course_service] [    Test worker] o.s.b.f.s.DefaultListableBeanFactory     : Creating shared instance of singleton bean 'org.springframework.boot.autoconfigure.jackson.JacksonAutoConfiguration$JacksonObjectMapperBuilderConfiguration'
2025-04-11T20:47:05.461+07:00 DEBUG 21600 --- [course_service] [    Test worker] o.s.b.f.s.DefaultListableBeanFactory     : Creating shared instance of singleton bean 'standardJacksonObjectMapperBuilderCustomizer'
2025-04-11T20:47:05.462+07:00 DEBUG 21600 --- [course_service] [    Test worker] o.s.b.f.s.DefaultListableBeanFactory     : Creating shared instance of singleton bean 'org.springframework.boot.autoconfigure.jackson.JacksonAutoConfiguration$Jackson2ObjectMapperBuilderCustomizerConfiguration'
2025-04-11T20:47:05.465+07:00 DEBUG 21600 --- [course_service] [    Test worker] o.s.b.f.s.DefaultListableBeanFactory     : Creating shared instance of singleton bean 'spring.jackson-org.springframework.boot.autoconfigure.jackson.JacksonProperties'
2025-04-11T20:47:05.485+07:00 DEBUG 21600 --- [course_service] [    Test worker] o.s.b.f.s.DefaultListableBeanFactory     : Autowiring by type from bean name 'standardJacksonObjectMapperBuilderCustomizer' via factory method to bean named 'spring.jackson-org.springframework.boot.autoconfigure.jackson.JacksonProperties'
2025-04-11T20:47:05.487+07:00 DEBUG 21600 --- [course_service] [    Test worker] o.s.b.f.s.DefaultListableBeanFactory     : Creating shared instance of singleton bean 'parameterNamesModule'
2025-04-11T20:47:05.487+07:00 DEBUG 21600 --- [course_service] [    Test worker] o.s.b.f.s.DefaultListableBeanFactory     : Creating shared instance of singleton bean 'org.springframework.boot.autoconfigure.jackson.JacksonAutoConfiguration$ParameterNamesModuleConfiguration'
2025-04-11T20:47:05.500+07:00 DEBUG 21600 --- [course_service] [    Test worker] o.s.b.f.s.DefaultListableBeanFactory     : Creating shared instance of singleton bean 'jsonMixinModule'
2025-04-11T20:47:05.501+07:00 DEBUG 21600 --- [course_service] [    Test worker] o.s.b.f.s.DefaultListableBeanFactory     : Creating shared instance of singleton bean 'org.springframework.boot.autoconfigure.jackson.JacksonAutoConfiguration$JacksonMixinConfiguration'
2025-04-11T20:47:05.504+07:00 DEBUG 21600 --- [course_service] [    Test worker] o.s.b.f.s.DefaultListableBeanFactory     : Creating shared instance of singleton bean 'jsonMixinModuleEntries'
2025-04-11T20:47:05.505+07:00 DEBUG 21600 --- [course_service] [    Test worker] o.s.b.f.s.DefaultListableBeanFactory     : Autowiring by type from bean name 'jsonMixinModuleEntries' via factory method to bean named 'org.springframework.web.context.support.GenericWebApplicationContext@c6634d'
2025-04-11T20:47:05.505+07:00 DEBUG 21600 --- [course_service] [    Test worker] o.s.b.f.s.DefaultListableBeanFactory     : Creating shared instance of singleton bean 'org.springframework.boot.autoconfigure.AutoConfigurationPackages'
2025-04-11T20:47:05.507+07:00 DEBUG 21600 --- [course_service] [    Test worker] o.s.b.a.AutoConfigurationPackages        : @EnableAutoConfiguration was declared on a class in the package 'fit.iuh.edu.com'. Automatic @Repository and @Entity scanning is enabled.
2025-04-11T20:47:05.523+07:00 DEBUG 21600 --- [course_service] [    Test worker] o.s.b.f.s.DefaultListableBeanFactory     : Autowiring by type from bean name 'jsonMixinModule' via factory method to bean named 'org.springframework.web.context.support.GenericWebApplicationContext@c6634d'
2025-04-11T20:47:05.523+07:00 DEBUG 21600 --- [course_service] [    Test worker] o.s.b.f.s.DefaultListableBeanFactory     : Autowiring by type from bean name 'jsonMixinModule' via factory method to bean named 'jsonMixinModuleEntries'
2025-04-11T20:47:05.529+07:00 DEBUG 21600 --- [course_service] [    Test worker] o.s.b.f.s.DefaultListableBeanFactory     : Creating shared instance of singleton bean 'jsonComponentModule'
2025-04-11T20:47:05.529+07:00 DEBUG 21600 --- [course_service] [    Test worker] o.s.b.f.s.DefaultListableBeanFactory     : Creating shared instance of singleton bean 'org.springframework.boot.autoconfigure.jackson.JacksonAutoConfiguration'
2025-04-11T20:47:05.566+07:00 DEBUG 21600 --- [course_service] [    Test worker] o.s.b.f.s.DefaultListableBeanFactory     : Creating shared instance of singleton bean 'jacksonGeoModule'
2025-04-11T20:47:05.566+07:00 DEBUG 21600 --- [course_service] [    Test worker] o.s.b.f.s.DefaultListableBeanFactory     : Creating shared instance of singleton bean 'org.springframework.data.web.config.SpringDataJacksonConfiguration'
2025-04-11T20:47:05.579+07:00 DEBUG 21600 --- [course_service] [    Test worker] o.s.b.f.s.DefaultListableBeanFactory     : Creating shared instance of singleton bean 'pageModule'
2025-04-11T20:47:05.583+07:00 DEBUG 21600 --- [course_service] [    Test worker] o.s.b.f.s.DefaultListableBeanFactory     : Autowiring by type from bean name 'jacksonObjectMapperBuilder' via factory method to bean named 'org.springframework.web.context.support.GenericWebApplicationContext@c6634d'
2025-04-11T20:47:05.583+07:00 DEBUG 21600 --- [course_service] [    Test worker] o.s.b.f.s.DefaultListableBeanFactory     : Autowiring by type from bean name 'jacksonObjectMapperBuilder' via factory method to bean named 'standardJacksonObjectMapperBuilderCustomizer'
2025-04-11T20:47:05.587+07:00 DEBUG 21600 --- [course_service] [    Test worker] o.s.b.f.s.DefaultListableBeanFactory     : Autowiring by type from bean name 'jacksonObjectMapper' via factory method to bean named 'jacksonObjectMapperBuilder'
2025-04-11T20:47:05.617+07:00 DEBUG 21600 --- [course_service] [    Test worker] o.s.b.f.s.DefaultListableBeanFactory     : Autowiring by type from bean name 'hypermediaWebMvcConfigurer' via factory method to bean named 'hypermediaWebMvcConverters'
2025-04-11T20:47:05.618+07:00 DEBUG 21600 --- [course_service] [    Test worker] o.s.b.f.s.DefaultListableBeanFactory     : Creating shared instance of singleton bean 'org.springframework.data.rest.webmvc.config.RepositoryRestMvcConfiguration'
2025-04-11T20:47:05.619+07:00 DEBUG 21600 --- [course_service] [    Test worker] o.s.b.f.s.DefaultListableBeanFactory     : Autowiring by type from bean name 'org.springframework.data.rest.webmvc.config.RepositoryRestMvcConfiguration' via constructor to bean named 'org.springframework.web.context.support.GenericWebApplicationContext@c6634d'
2025-04-11T20:47:05.649+07:00 DEBUG 21600 --- [course_service] [    Test worker] o.s.b.f.s.DefaultListableBeanFactory     : Creating shared instance of singleton bean 'endpointObjectMapperWebMvcConfigurer'
2025-04-11T20:47:05.650+07:00 DEBUG 21600 --- [course_service] [    Test worker] o.s.b.f.s.DefaultListableBeanFactory     : Creating shared instance of singleton bean 'endpointObjectMapper'
2025-04-11T20:47:05.650+07:00 DEBUG 21600 --- [course_service] [    Test worker] o.s.b.f.s.DefaultListableBeanFactory     : Creating shared instance of singleton bean 'org.springframework.boot.actuate.autoconfigure.endpoint.jackson.JacksonEndpointAutoConfiguration'
2025-04-11T20:47:05.654+07:00 DEBUG 21600 --- [course_service] [    Test worker] o.s.b.f.s.DefaultListableBeanFactory     : Autowiring by type from bean name 'endpointObjectMapperWebMvcConfigurer' via factory method to bean named 'endpointObjectMapper'
2025-04-11T20:47:05.689+07:00 TRACE 21600 --- [course_service] [    Test worker] eGlobalAuthenticationAutowiredConfigurer : Eagerly initializing {securityConfig=fit.iuh.edu.com.configs.SecurityConfig$$SpringCGLIB$$0@70eb94d7}
2025-04-11T20:47:05.695+07:00 DEBUG 21600 --- [course_service] [    Test worker] swordEncoderAuthenticationManagerBuilder : No authenticationProviders and no parentAuthenticationManager defined. Returning null.
2025-04-11T20:47:05.823+07:00 DEBUG 21600 --- [course_service] [    Test worker] o.s.b.f.s.DefaultListableBeanFactory     : Creating shared instance of singleton bean 'roleHierarchy'
2025-04-11T20:47:05.825+07:00 DEBUG 21600 --- [course_service] [    Test worker] o.s.s.a.h.RoleHierarchyImpl              : buildRolesReachableInOneStepMap() - From role ROLE_ADMIN one can reach role ROLE_TEACHER in one step.
2025-04-11T20:47:05.826+07:00 DEBUG 21600 --- [course_service] [    Test worker] o.s.s.a.h.RoleHierarchyImpl              : buildRolesReachableInOneStepMap() - From role ROLE_TEACHER one can reach role ROLE_STUDENT in one step.
2025-04-11T20:47:05.826+07:00 DEBUG 21600 --- [course_service] [    Test worker] o.s.s.a.h.RoleHierarchyImpl              : buildRolesReachableInOneOrMoreStepsMap() - From role ROLE_ADMIN one can reach [ROLE_STUDENT, ROLE_TEACHER] in one or more steps.
2025-04-11T20:47:05.826+07:00 DEBUG 21600 --- [course_service] [    Test worker] o.s.s.a.h.RoleHierarchyImpl              : buildRolesReachableInOneOrMoreStepsMap() - From role ROLE_TEACHER one can reach [ROLE_STUDENT] in one or more steps.
2025-04-11T20:47:05.836+07:00 DEBUG 21600 --- [course_service] [    Test worker] o.s.b.f.s.DefaultListableBeanFactory     : Creating shared instance of singleton bean 'observationRegistry'
2025-04-11T20:47:05.837+07:00 DEBUG 21600 --- [course_service] [    Test worker] o.s.b.f.s.DefaultListableBeanFactory     : Creating shared instance of singleton bean 'org.springframework.boot.actuate.autoconfigure.observation.ObservationAutoConfiguration'
2025-04-11T20:47:05.847+07:00 DEBUG 21600 --- [course_service] [    Test worker] o.s.b.f.s.DefaultListableBeanFactory     : Creating shared instance of singleton bean 'propertiesObservationFilter'
2025-04-11T20:47:05.850+07:00 DEBUG 21600 --- [course_service] [    Test worker] o.s.b.f.s.DefaultListableBeanFactory     : Creating shared instance of singleton bean 'management.observations-org.springframework.boot.actuate.autoconfigure.observation.ObservationProperties'
[...]
      Matched:
         - @ConditionalOnClass found required class 'org.springframework.boot.actuate.endpoint.web.servlet.WebMvcEndpointHandlerMapping' (OnClassCondition)

   TaskExecutorConfigurations.SimpleAsyncTaskExecutorBuilderConfiguration#simpleAsyncTaskExecutorBuilderVirtualThreads:
      Did not match:
         - @ConditionalOnMissingBean (types: org.springframework.boot.task.SimpleAsyncTaskExecutorBuilder; SearchStrategy: all) found beans of type 'org.springframework.boot.task.SimpleAsyncTaskExecutorBuilder' simpleAsyncTaskExecutorBuilder (OnBeanCondition)

   TaskExecutorConfigurations.TaskExecutorConfiguration#applicationTaskExecutorVirtualThreads:
      Did not match:
         - @ConditionalOnThreading did not find VIRTUAL (OnThreadingCondition)

   TaskSchedulingAutoConfiguration#scheduledBeanLazyInitializationExcludeFilter:
      Did not match:
         - @ConditionalOnBean (names: org.springframework.context.annotation.internalScheduledAnnotationProcessor; SearchStrategy: all) did not find any beans named org.springframework.context.annotation.internalScheduledAnnotationProcessor (OnBeanCondition)

   TaskSchedulingConfigurations.SimpleAsyncTaskSchedulerBuilderConfiguration#simpleAsyncTaskSchedulerBuilderVirtualThreads:
      Did not match:
         - @ConditionalOnMissingBean (types: org.springframework.boot.task.SimpleAsyncTaskSchedulerBuilder; SearchStrategy: all) found beans of type 'org.springframework.boot.task.SimpleAsyncTaskSchedulerBuilder' simpleAsyncTaskSchedulerBuilder (OnBeanCondition)

   TaskSchedulingConfigurations.TaskSchedulerConfiguration:
      Did not match:
         - @ConditionalOnBean (names: org.springframework.context.annotation.internalScheduledAnnotationProcessor; SearchStrategy: all) did not find any beans named org.springframework.context.annotation.internalScheduledAnnotationProcessor (OnBeanCondition)

   TemplateEngineConfigurations.ReactiveTemplateEngineConfiguration:
      Did not match:
         - not a reactive web application (OnWebApplicationCondition)

   ThymeleafAutoConfiguration.DataAttributeDialectConfiguration:
      Did not match:
         - @ConditionalOnClass did not find required class 'com.github.mxab.thymeleaf.extras.dataattribute.dialect.DataAttributeDialect' (OnClassCondition)

   ThymeleafAutoConfiguration.ThymeleafWebFluxConfiguration:
      Did not match:
         - not a reactive web application (OnWebApplicationCondition)

   ThymeleafAutoConfiguration.ThymeleafWebLayoutConfiguration:
      Did not match:
         - @ConditionalOnClass did not find required class 'nz.net.ultraq.thymeleaf.layoutdialect.LayoutDialect' (OnClassCondition)

   ThymeleafAutoConfiguration.ThymeleafWebMvcConfiguration#resourceUrlEncodingFilter:
      Did not match:
         - @ConditionalOnEnabledResourceChain did not find class org.webjars.WebJarVersionLocator (OnEnabledResourceChainCondition)

   TransactionAutoConfiguration#transactionalOperator:
      Did not match:
         - @ConditionalOnSingleCandidate (types: org.springframework.transaction.ReactiveTransactionManager; SearchStrategy: all) did not find any beans (OnBeanCondition)

   TransactionAutoConfiguration.AspectJTransactionManagementConfiguration:
      Did not match:
         - @ConditionalOnBean did not find required type 'org.springframework.transaction.aspectj.AbstractTransactionAspect' (OnBeanCondition)
         - @ConditionalOnBean (types: org.springframework.transaction.aspectj.AbstractTransactionAspect; SearchStrategy: all) did not find any beans of type org.springframework.transaction.aspectj.AbstractTransactionAspect (OnBeanCondition)

   TransactionAutoConfiguration.EnableTransactionManagementConfiguration:
      Did not match:
         - @ConditionalOnBean (types: org.springframework.transaction.TransactionManager; SearchStrategy: all) did not find any beans of type org.springframework.transaction.TransactionManager (OnBeanCondition)

   TransactionAutoConfiguration.EnableTransactionManagementConfiguration.CglibAutoProxyConfiguration:
      Did not match:
         - Ancestor org.springframework.boot.autoconfigure.transaction.TransactionAutoConfiguration$EnableTransactionManagementConfiguration did not match (ConditionEvaluationReport.AncestorsMatchedCondition)
      Matched:
         - @ConditionalOnProperty (spring.aop.proxy-target-class=true) matched (OnPropertyCondition)

   TransactionAutoConfiguration.EnableTransactionManagementConfiguration.JdkDynamicAutoProxyConfiguration:
      Did not match:
         - @ConditionalOnProperty (spring.aop.proxy-target-class=false) did not find property 'proxy-target-class' (OnPropertyCondition)
         - Ancestor org.springframework.boot.autoconfigure.transaction.TransactionAutoConfiguration$EnableTransactionManagementConfiguration did not match (ConditionEvaluationReport.AncestorsMatchedCondition)

   TransactionAutoConfiguration.TransactionTemplateConfiguration:
      Did not match:
         - @ConditionalOnSingleCandidate (types: org.springframework.transaction.PlatformTransactionManager; SearchStrategy: all) did not find any beans (OnBeanCondition)

   UserDetailsServiceAutoConfiguration:
      Did not match:
         - AnyNestedCondition 0 matched 3 did not; NestedCondition on UserDetailsServiceAutoConfiguration.MissingAlternativeOrUserPropertiesConfigured.PasswordConfigured @ConditionalOnProperty (spring.security.user.password) did not find property 'password'; NestedCondition on UserDetailsServiceAutoConfiguration.MissingAlternativeOrUserPropertiesConfigured.NameConfigured @ConditionalOnProperty (spring.security.user.name) did not find property 'name'; NestedCondition on UserDetailsServiceAutoConfiguration.MissingAlternativeOrUserPropertiesConfigured.MissingAlternative @ConditionalOnMissingClass found unwanted classes 'org.springframework.security.oauth2.client.registration.ClientRegistrationRepository', 'org.springframework.security.oauth2.server.resource.introspection.OpaqueTokenIntrospector' (UserDetailsServiceAutoConfiguration.MissingAlternativeOrUserPropertiesConfigured)
      Matched:
         - @ConditionalOnClass found required class 'org.springframework.security.authentication.AuthenticationManager' (OnClassCondition)
         - found 'session' scope (OnWebApplicationCondition)

   WavefrontAutoConfiguration:
      Did not match:
         - @ConditionalOnClass did not find required class 'com.wavefront.sdk.common.application.ApplicationTags' (OnClassCondition)

   WavefrontMetricsExportAutoConfiguration:
      Did not match:
         - @ConditionalOnClass did not find required class 'com.wavefront.sdk.common.WavefrontSender' (OnClassCondition)

   WavefrontTracingAutoConfiguration:
      Did not match:
         - @ConditionalOnClass did not find required class 'com.wavefront.sdk.common.WavefrontSender' (OnClassCondition)

   WebClientAutoConfiguration#webClientBuilder:
      Did not match:
         - @ConditionalOnMissingBean (types: org.springframework.web.reactive.function.client.WebClient$Builder; SearchStrategy: all) found beans of type 'org.springframework.web.reactive.function.client.WebClient$Builder' webClientBuilder (OnBeanCondition)

   WebFluxAutoConfiguration:
      Did not match:
         - not a reactive web application (OnWebApplicationCondition)
      Matched:
         - @ConditionalOnClass found required class 'org.springframework.web.reactive.config.WebFluxConfigurer' (OnClassCondition)

   WebFluxEndpointManagementContextConfiguration:
      Did not match:
         - not a reactive web application (OnWebApplicationCondition)
      Matched:
         - @ConditionalOnClass found required classes 'org.springframework.web.reactive.DispatcherHandler', 'org.springframework.http.server.reactive.HttpHandler' (OnClassCondition)

   WebFluxObservationAutoConfiguration:
      Did not match:
         - not a reactive web application (OnWebApplicationCondition)
      Matched:
         - @ConditionalOnClass found required classes 'io.micrometer.observation.Observation', 'io.micrometer.core.instrument.MeterRegistry' (OnClassCondition)

   WebMvcAutoConfiguration#hiddenHttpMethodFilter:
      Did not match:
         - @ConditionalOnProperty (spring.mvc.hiddenmethod.filter.enabled) did not find property 'enabled' (OnPropertyCondition)

   WebMvcAutoConfiguration.ProblemDetailsErrorHandlingConfiguration:
      Did not match:
         - @ConditionalOnProperty (spring.mvc.problemdetails.enabled=true) did not find property 'enabled' (OnPropertyCondition)

   WebMvcAutoConfiguration.ResourceChainCustomizerConfiguration:
      Did not match:
         - @ConditionalOnEnabledResourceChain did not find class org.webjars.WebJarVersionLocator (OnEnabledResourceChainCondition)

   WebMvcAutoConfiguration.WebMvcAutoConfigurationAdapter#beanNameViewResolver:
      Did not match:
         - @ConditionalOnMissingBean (types: org.springframework.web.servlet.view.BeanNameViewResolver; SearchStrategy: all) found beans of type 'org.springframework.web.servlet.view.BeanNameViewResolver' beanNameViewResolver (OnBeanCondition)

   WebMvcEndpointManagementContextConfiguration#managementHealthEndpointWebMvcHandlerMapping:
      Did not match:
         - Management Port actual port type (SAME) did not match required type (DIFFERENT) (OnManagementPortCondition)

   WebServiceTemplateAutoConfiguration:
      Did not match:
         - @ConditionalOnClass did not find required class 'org.springframework.oxm.Marshaller' (OnClassCondition)

   WebServicesAutoConfiguration:
      Did not match:
         - @ConditionalOnClass did not find required class 'org.springframework.ws.transport.http.MessageDispatcherServlet' (OnClassCondition)

   WebSessionIdResolverAutoConfiguration:
      Did not match:
         - not a reactive web application (OnWebApplicationCondition)
      Matched:
         - @ConditionalOnClass found required classes 'org.springframework.web.server.session.WebSessionManager', 'reactor.core.publisher.Mono' (OnClassCondition)

   WebSocketMessagingAutoConfiguration:
      Did not match:
         - @ConditionalOnClass did not find required class 'org.springframework.web.socket.config.annotation.WebSocketMessageBrokerConfigurer' (OnClassCondition)

   WebSocketReactiveAutoConfiguration:
      Did not match:
         - not a reactive web application (OnWebApplicationCondition)
      Matched:
         - @ConditionalOnClass found required classes 'jakarta.servlet.Servlet', 'jakarta.websocket.server.ServerContainer' (OnClassCondition)

   WebSocketServletAutoConfiguration.JettyWebSocketConfiguration:
      Did not match:
         - @ConditionalOnClass did not find required class 'org.eclipse.jetty.ee10.websocket.jakarta.server.config.JakartaWebSocketServletContainerInitializer' (OnClassCondition)

   WebSocketServletAutoConfiguration.UndertowWebSocketConfiguration:
      Did not match:
         - @ConditionalOnClass did not find required class 'io.undertow.websockets.jsr.Bootstrap' (OnClassCondition)

   XADataSourceAutoConfiguration:
      Did not match:
         - @ConditionalOnClass did not find required class 'jakarta.transaction.TransactionManager' (OnClassCondition)

   ZipkinAutoConfiguration:
      Did not match:
         - @ConditionalOnClass did not find required class 'zipkin2.reporter.Encoding' (OnClassCondition)


Exclusions:
-----------

    None


Unconditional classes:
----------------------

    org.springframework.boot.autoconfigure.context.ConfigurationPropertiesAutoConfiguration

    org.springframework.boot.actuate.autoconfigure.availability.AvailabilityHealthContributorAutoConfiguration

    org.springframework.boot.autoconfigure.ssl.SslAutoConfiguration

    org.springframework.boot.actuate.autoconfigure.info.InfoContributorAutoConfiguration

    org.springframework.boot.autoconfigure.context.PropertyPlaceholderAutoConfiguration

    org.springframework.boot.autoconfigure.context.LifecycleAutoConfiguration

    org.springframework.boot.actuate.autoconfigure.metrics.integration.IntegrationMetricsAutoConfiguration

    org.springframework.boot.actuate.autoconfigure.endpoint.EndpointAutoConfiguration

    org.springframework.boot.actuate.autoconfigure.web.server.ManagementContextAutoConfiguration

    org.springframework.boot.actuate.autoconfigure.health.HealthContributorAutoConfiguration

    org.springframework.boot.actuate.autoconfigure.endpoint.jackson.JacksonEndpointAutoConfiguration

    org.springframework.boot.autoconfigure.availability.ApplicationAvailabilityAutoConfiguration

    org.springframework.boot.autoconfigure.info.ProjectInfoAutoConfiguration



2025-04-11T20:47:09.884+07:00  INFO 21600 --- [course_service] [    Test worker] f.i.e.com.CourseServiceApplicationTests  : Started CourseServiceApplicationTests in 11.186 seconds (process running for 14.511)
2025-04-11T20:47:09.989+07:00 DEBUG 21600 --- [course_service] [    Test worker] o.s.b.a.ApplicationAvailabilityBean      : Application availability state LivenessState changed to CORRECT
2025-04-11T20:47:09.999+07:00 DEBUG 21600 --- [course_service] [    Test worker] o.s.b.a.ApplicationAvailabilityBean      : Application availability state ReadinessState changed to ACCEPTING_TRAFFIC
2025-04-11T20:47:10.003+07:00 DEBUG 21600 --- [course_service] [    Test worker] org.springframework.test.context.cache   : Spring test ApplicationContext cache statistics: [DefaultContextCache@457dc809 size = 1, maxSize = 32, parentContextCount = 0, hitCount = 0, missCount = 1, failureCount = 0]
2025-04-11T20:47:10.005+07:00 DEBUG 21600 --- [course_service] [    Test worker] o.s.t.c.w.ServletTestExecutionListener   : Setting up MockHttpServletRequest, MockHttpServletResponse, ServletWebRequest, and RequestContextHolder for test class fit.iuh.edu.com.CourseServiceApplicationTests
2025-04-11T20:47:10.027+07:00 DEBUG 21600 --- [course_service] [    Test worker] DependencyInjectionTestExecutionListener : Performing dependency injection for test class fit.iuh.edu.com.CourseServiceApplicationTests
2025-04-11T20:47:10.028+07:00 DEBUG 21600 --- [course_service] [    Test worker] org.springframework.test.context.cache   : Spring test ApplicationContext cache statistics: [DefaultContextCache@457dc809 size = 1, maxSize = 32, parentContextCount = 0, hitCount = 1, missCount = 1, failureCount = 0]
2025-04-11T20:47:10.030+07:00 DEBUG 21600 --- [course_service] [    Test worker] org.springframework.test.context.cache   : Spring test ApplicationContext cache statistics: [DefaultContextCache@457dc809 size = 1, maxSize = 32, parentContextCount = 0, hitCount = 2, missCount = 1, failureCount = 0]
2025-04-11T20:47:10.039+07:00 DEBUG 21600 --- [course_service] [    Test worker] sContextBeforeModesTestExecutionListener : Before test method: class [CourseServiceApplicationTests], method [contextLoads], class annotated with @DirtiesContext [false] with mode [null], method annotated with @DirtiesContext [false] with mode [null]
2025-04-11T20:47:10.058+07:00 DEBUG 21600 --- [course_service] [    Test worker] org.springframework.test.context.cache   : Spring test ApplicationContext cache statistics: [DefaultContextCache@457dc809 size = 1, maxSize = 32, parentContextCount = 0, hitCount = 3, missCount = 1, failureCount = 0]
2025-04-11T20:47:10.060+07:00 DEBUG 21600 --- [course_service] [    Test worker] org.springframework.test.context.cache   : Spring test ApplicationContext cache statistics: [DefaultContextCache@457dc809 size = 1, maxSize = 32, parentContextCount = 0, hitCount = 4, missCount = 1, failureCount = 0]
2025-04-11T20:47:11.585+07:00 DEBUG 21600 --- [course_service] [    Test worker] org.springframework.test.context.cache   : Spring test ApplicationContext cache statistics: [DefaultContextCache@457dc809 size = 1, maxSize = 32, parentContextCount = 0, hitCount = 5, missCount = 1, failureCount = 0]
2025-04-11T20:47:11.598+07:00 DEBUG 21600 --- [course_service] [    Test worker] org.springframework.test.context.cache   : Spring test ApplicationContext cache statistics: [DefaultContextCache@457dc809 size = 1, maxSize = 32, parentContextCount = 0, hitCount = 6, missCount = 1, failureCount = 0]
2025-04-11T20:47:11.616+07:00 DEBUG 21600 --- [course_service] [    Test worker] org.springframework.test.context.cache   : Spring test ApplicationContext cache statistics: [DefaultContextCache@457dc809 size = 1, maxSize = 32, parentContextCount = 0, hitCount = 7, missCount = 1, failureCount = 0]
2025-04-11T20:47:11.620+07:00 DEBUG 21600 --- [course_service] [    Test worker] org.springframework.test.context.cache   : Spring test ApplicationContext cache statistics: [DefaultContextCache@457dc809 size = 1, maxSize = 32, parentContextCount = 0, hitCount = 8, missCount = 1, failureCount = 0]
2025-04-11T20:47:11.625+07:00 DEBUG 21600 --- [course_service] [    Test worker] org.springframework.test.context.cache   : Spring test ApplicationContext cache statistics: [DefaultContextCache@457dc809 size = 1, maxSize = 32, parentContextCount = 0, hitCount = 9, missCount = 1, failureCount = 0]
2025-04-11T20:47:11.627+07:00 DEBUG 21600 --- [course_service] [    Test worker] org.springframework.test.context.cache   : Spring test ApplicationContext cache statistics: [DefaultContextCache@457dc809 size = 1, maxSize = 32, parentContextCount = 0, hitCount = 10, missCount = 1, failureCount = 0]
2025-04-11T20:47:11.628+07:00 DEBUG 21600 --- [course_service] [    Test worker] org.springframework.test.context.cache   : Spring test ApplicationContext cache statistics: [DefaultContextCache@457dc809 size = 1, maxSize = 32, parentContextCount = 0, hitCount = 11, missCount = 1, failureCount = 0]
2025-04-11T20:47:11.630+07:00 DEBUG 21600 --- [course_service] [    Test worker] org.springframework.test.context.cache   : Spring test ApplicationContext cache statistics: [DefaultContextCache@457dc809 size = 1, maxSize = 32, parentContextCount = 0, hitCount = 12, missCount = 1, failureCount = 0]
2025-04-11T20:47:11.633+07:00 DEBUG 21600 --- [course_service] [    Test worker] org.springframework.test.context.cache   : Spring test ApplicationContext cache statistics: [DefaultContextCache@457dc809 size = 1, maxSize = 32, parentContextCount = 0, hitCount = 13, missCount = 1, failureCount = 0]
2025-04-11T20:47:11.635+07:00 DEBUG 21600 --- [course_service] [    Test worker] org.springframework.test.context.cache   : Spring test ApplicationContext cache statistics: [DefaultContextCache@457dc809 size = 1, maxSize = 32, parentContextCount = 0, hitCount = 14, missCount = 1, failureCount = 0]
2025-04-11T20:47:11.636+07:00 DEBUG 21600 --- [course_service] [    Test worker] .c.s.DirtiesContextTestExecutionListener : After test method: class [CourseServiceApplicationTests], method [contextLoads], class annotated with @DirtiesContext [false] with mode [null], method annotated with @DirtiesContext [false] with mode [null]
2025-04-11T20:47:11.636+07:00 DEBUG 21600 --- [course_service] [    Test worker] o.s.t.c.w.ServletTestExecutionListener   : Resetting RequestContextHolder for test class fit.iuh.edu.com.CourseServiceApplicationTests
2025-04-11T20:47:11.653+07:00 DEBUG 21600 --- [course_service] [    Test worker] org.springframework.test.context.cache   : Spring test ApplicationContext cache statistics: [DefaultContextCache@457dc809 size = 1, maxSize = 32, parentContextCount = 0, hitCount = 15, missCount = 1, failureCount = 0]
2025-04-11T20:47:11.654+07:00 DEBUG 21600 --- [course_service] [    Test worker] org.springframework.test.context.cache   : Spring test ApplicationContext cache statistics: [DefaultContextCache@457dc809 size = 1, maxSize = 32, parentContextCount = 0, hitCount = 16, missCount = 1, failureCount = 0]
2025-04-11T20:47:11.654+07:00 DEBUG 21600 --- [course_service] [    Test worker] .c.s.DirtiesContextTestExecutionListener : After test class: class [CourseServiceApplicationTests], class annotated with @DirtiesContext [false] with mode [null]
]]></system-out>
  <system-err><![CDATA[]]></system-err>
</testsuite>
